{"D:\\projects\\dogfooding3\\frontend\\src\\api\\index.ts": {"path":"D:\\projects\\dogfooding3\\frontend\\src\\api\\index.ts","statementMap":{"0":{"start":{"line":4,"column":23},"end":{"line":23,"column":null}},"1":{"start":{"line":6,"column":4},"end":{"line":6,"column":null}},"2":{"start":{"line":9,"column":4},"end":{"line":9,"column":null}},"3":{"start":{"line":12,"column":4},"end":{"line":12,"column":null}},"4":{"start":{"line":15,"column":4},"end":{"line":15,"column":null}},"5":{"start":{"line":18,"column":4},"end":{"line":18,"column":null}},"6":{"start":{"line":21,"column":4},"end":{"line":21,"column":null}},"7":{"start":{"line":25,"column":24},"end":{"line":47,"column":null}},"8":{"start":{"line":27,"column":4},"end":{"line":27,"column":null}},"9":{"start":{"line":30,"column":4},"end":{"line":30,"column":null}},"10":{"start":{"line":33,"column":4},"end":{"line":33,"column":null}},"11":{"start":{"line":36,"column":4},"end":{"line":36,"column":null}},"12":{"start":{"line":39,"column":4},"end":{"line":39,"column":null}},"13":{"start":{"line":42,"column":4},"end":{"line":42,"column":null}},"14":{"start":{"line":45,"column":4},"end":{"line":45,"column":null}},"15":{"start":{"line":49,"column":23},"end":{"line":62,"column":null}},"16":{"start":{"line":51,"column":4},"end":{"line":51,"column":null}},"17":{"start":{"line":54,"column":4},"end":{"line":54,"column":null}},"18":{"start":{"line":57,"column":4},"end":{"line":57,"column":null}},"19":{"start":{"line":60,"column":4},"end":{"line":60,"column":null}},"20":{"start":{"line":64,"column":30},"end":{"line":74,"column":null}},"21":{"start":{"line":66,"column":4},"end":{"line":66,"column":null}},"22":{"start":{"line":69,"column":4},"end":{"line":69,"column":null}},"23":{"start":{"line":72,"column":4},"end":{"line":72,"column":null}},"24":{"start":{"line":76,"column":25},"end":{"line":92,"column":null}},"25":{"start":{"line":78,"column":4},"end":{"line":78,"column":null}},"26":{"start":{"line":81,"column":4},"end":{"line":81,"column":null}},"27":{"start":{"line":84,"column":4},"end":{"line":84,"column":null}},"28":{"start":{"line":87,"column":4},"end":{"line":87,"column":null}},"29":{"start":{"line":90,"column":4},"end":{"line":90,"column":null}},"30":{"start":{"line":94,"column":29},"end":{"line":104,"column":null}},"31":{"start":{"line":96,"column":4},"end":{"line":96,"column":null}},"32":{"start":{"line":99,"column":4},"end":{"line":99,"column":null}},"33":{"start":{"line":102,"column":4},"end":{"line":102,"column":null}},"34":{"start":{"line":106,"column":26},"end":{"line":119,"column":null}},"35":{"start":{"line":108,"column":4},"end":{"line":108,"column":null}},"36":{"start":{"line":111,"column":4},"end":{"line":111,"column":null}},"37":{"start":{"line":114,"column":4},"end":{"line":114,"column":null}},"38":{"start":{"line":117,"column":4},"end":{"line":117,"column":null}},"39":{"start":{"line":121,"column":24},"end":{"line":131,"column":null}},"40":{"start":{"line":123,"column":4},"end":{"line":123,"column":null}},"41":{"start":{"line":126,"column":4},"end":{"line":126,"column":null}},"42":{"start":{"line":129,"column":4},"end":{"line":129,"column":null}},"43":{"start":{"line":133,"column":25},"end":{"line":141,"column":null}},"44":{"start":{"line":135,"column":21},"end":{"line":135,"column":null}},"45":{"start":{"line":136,"column":4},"end":{"line":136,"column":null}},"46":{"start":{"line":137,"column":4},"end":{"line":139,"column":null}}},"fnMap":{"0":{"name":"(anonymous_0)","decl":{"start":{"line":5,"column":2},"end":{"line":5,"column":10}},"loc":{"start":{"line":5,"column":93},"end":{"line":7,"column":null}},"line":5},"1":{"name":"(anonymous_1)","decl":{"start":{"line":8,"column":2},"end":{"line":8,"column":12}},"loc":{"start":{"line":8,"column":31},"end":{"line":10,"column":null}},"line":8},"2":{"name":"(anonymous_2)","decl":{"start":{"line":11,"column":2},"end":{"line":11,"column":12}},"loc":{"start":{"line":11,"column":24},"end":{"line":13,"column":null}},"line":11},"3":{"name":"(anonymous_3)","decl":{"start":{"line":14,"column":2},"end":{"line":14,"column":9}},"loc":{"start":{"line":14,"column":30},"end":{"line":16,"column":null}},"line":14},"4":{"name":"(anonymous_4)","decl":{"start":{"line":17,"column":2},"end":{"line":17,"column":9}},"loc":{"start":{"line":17,"column":42},"end":{"line":19,"column":null}},"line":17},"5":{"name":"(anonymous_5)","decl":{"start":{"line":20,"column":2},"end":{"line":20,"column":9}},"loc":{"start":{"line":20,"column":21},"end":{"line":22,"column":null}},"line":20},"6":{"name":"(anonymous_6)","decl":{"start":{"line":26,"column":2},"end":{"line":26,"column":10}},"loc":{"start":{"line":26,"column":73},"end":{"line":28,"column":null}},"line":26},"7":{"name":"(anonymous_7)","decl":{"start":{"line":29,"column":2},"end":{"line":29,"column":13}},"loc":{"start":{"line":29,"column":32},"end":{"line":31,"column":null}},"line":29},"8":{"name":"(anonymous_8)","decl":{"start":{"line":32,"column":2},"end":{"line":32,"column":15}},"loc":{"start":{"line":32,"column":61},"end":{"line":34,"column":null}},"line":32},"9":{"name":"(anonymous_9)","decl":{"start":{"line":35,"column":2},"end":{"line":35,"column":12}},"loc":{"start":{"line":35,"column":24},"end":{"line":37,"column":null}},"line":35},"10":{"name":"(anonymous_10)","decl":{"start":{"line":38,"column":2},"end":{"line":38,"column":9}},"loc":{"start":{"line":38,"column":31},"end":{"line":40,"column":null}},"line":38},"11":{"name":"(anonymous_11)","decl":{"start":{"line":41,"column":2},"end":{"line":41,"column":9}},"loc":{"start":{"line":41,"column":43},"end":{"line":43,"column":null}},"line":41},"12":{"name":"(anonymous_12)","decl":{"start":{"line":44,"column":2},"end":{"line":44,"column":9}},"loc":{"start":{"line":44,"column":21},"end":{"line":46,"column":null}},"line":44},"13":{"name":"(anonymous_13)","decl":{"start":{"line":50,"column":2},"end":{"line":50,"column":14}},"loc":{"start":{"line":50,"column":14},"end":{"line":52,"column":null}},"line":50},"14":{"name":"(anonymous_14)","decl":{"start":{"line":53,"column":2},"end":{"line":53,"column":16}},"loc":{"start":{"line":53,"column":16},"end":{"line":55,"column":null}},"line":53},"15":{"name":"(anonymous_15)","decl":{"start":{"line":56,"column":2},"end":{"line":56,"column":17}},"loc":{"start":{"line":56,"column":17},"end":{"line":58,"column":null}},"line":56},"16":{"name":"(anonymous_16)","decl":{"start":{"line":59,"column":2},"end":{"line":59,"column":15}},"loc":{"start":{"line":59,"column":88},"end":{"line":61,"column":null}},"line":59},"17":{"name":"(anonymous_17)","decl":{"start":{"line":65,"column":2},"end":{"line":65,"column":9}},"loc":{"start":{"line":65,"column":53},"end":{"line":67,"column":null}},"line":65},"18":{"name":"(anonymous_18)","decl":{"start":{"line":68,"column":2},"end":{"line":68,"column":10}},"loc":{"start":{"line":68,"column":56},"end":{"line":70,"column":null}},"line":68},"19":{"name":"(anonymous_19)","decl":{"start":{"line":71,"column":2},"end":{"line":71,"column":13}},"loc":{"start":{"line":71,"column":13},"end":{"line":73,"column":null}},"line":71},"20":{"name":"(anonymous_20)","decl":{"start":{"line":77,"column":2},"end":{"line":77,"column":9}},"loc":{"start":{"line":77,"column":88},"end":{"line":79,"column":null}},"line":77},"21":{"name":"(anonymous_21)","decl":{"start":{"line":80,"column":2},"end":{"line":80,"column":10}},"loc":{"start":{"line":80,"column":73},"end":{"line":82,"column":null}},"line":80},"22":{"name":"(anonymous_22)","decl":{"start":{"line":83,"column":2},"end":{"line":83,"column":12}},"loc":{"start":{"line":83,"column":24},"end":{"line":85,"column":null}},"line":83},"23":{"name":"(anonymous_23)","decl":{"start":{"line":86,"column":2},"end":{"line":86,"column":8}},"loc":{"start":{"line":86,"column":35},"end":{"line":88,"column":null}},"line":86},"24":{"name":"(anonymous_24)","decl":{"start":{"line":89,"column":2},"end":{"line":89,"column":15}},"loc":{"start":{"line":89,"column":43},"end":{"line":91,"column":null}},"line":89},"25":{"name":"(anonymous_25)","decl":{"start":{"line":95,"column":2},"end":{"line":95,"column":11}},"loc":{"start":{"line":95,"column":11},"end":{"line":97,"column":null}},"line":95},"26":{"name":"(anonymous_26)","decl":{"start":{"line":98,"column":2},"end":{"line":98,"column":12}},"loc":{"start":{"line":98,"column":26},"end":{"line":100,"column":null}},"line":98},"27":{"name":"(anonymous_27)","decl":{"start":{"line":101,"column":2},"end":{"line":101,"column":9}},"loc":{"start":{"line":101,"column":67},"end":{"line":103,"column":null}},"line":101},"28":{"name":"(anonymous_28)","decl":{"start":{"line":107,"column":2},"end":{"line":107,"column":11}},"loc":{"start":{"line":107,"column":11},"end":{"line":109,"column":null}},"line":107},"29":{"name":"(anonymous_29)","decl":{"start":{"line":110,"column":2},"end":{"line":110,"column":16}},"loc":{"start":{"line":110,"column":16},"end":{"line":112,"column":null}},"line":110},"30":{"name":"(anonymous_30)","decl":{"start":{"line":113,"column":2},"end":{"line":113,"column":9}},"loc":{"start":{"line":113,"column":37},"end":{"line":115,"column":null}},"line":113},"31":{"name":"(anonymous_31)","decl":{"start":{"line":116,"column":2},"end":{"line":116,"column":14}},"loc":{"start":{"line":116,"column":48},"end":{"line":118,"column":null}},"line":116},"32":{"name":"(anonymous_32)","decl":{"start":{"line":122,"column":2},"end":{"line":122,"column":8}},"loc":{"start":{"line":122,"column":54},"end":{"line":124,"column":null}},"line":122},"33":{"name":"(anonymous_33)","decl":{"start":{"line":125,"column":2},"end":{"line":125,"column":11}},"loc":{"start":{"line":125,"column":11},"end":{"line":127,"column":null}},"line":125},"34":{"name":"(anonymous_34)","decl":{"start":{"line":128,"column":2},"end":{"line":128,"column":9}},"loc":{"start":{"line":128,"column":70},"end":{"line":130,"column":null}},"line":128},"35":{"name":"(anonymous_35)","decl":{"start":{"line":134,"column":2},"end":{"line":134,"column":14}},"loc":{"start":{"line":134,"column":26},"end":{"line":140,"column":null}},"line":134}},"branchMap":{"0":{"loc":{"start":{"line":8,"column":12},"end":{"line":8,"column":31}},"type":"default-arg","locations":[{"start":{"line":8,"column":28},"end":{"line":8,"column":31}}],"line":8},"1":{"loc":{"start":{"line":29,"column":13},"end":{"line":29,"column":32}},"type":"default-arg","locations":[{"start":{"line":29,"column":29},"end":{"line":29,"column":32}}],"line":29}},"s":{"0":1,"1":1,"2":1,"3":1,"4":1,"5":1,"6":1,"7":1,"8":1,"9":1,"10":0,"11":0,"12":0,"13":0,"14":0,"15":1,"16":0,"17":0,"18":0,"19":0,"20":1,"21":0,"22":0,"23":0,"24":1,"25":0,"26":0,"27":0,"28":0,"29":0,"30":1,"31":0,"32":0,"33":0,"34":1,"35":0,"36":0,"37":0,"38":0,"39":1,"40":0,"41":0,"42":0,"43":1,"44":1,"45":1,"46":1},"f":{"0":1,"1":1,"2":1,"3":1,"4":1,"5":1,"6":1,"7":1,"8":0,"9":0,"10":0,"11":0,"12":0,"13":0,"14":0,"15":0,"16":0,"17":0,"18":0,"19":0,"20":0,"21":0,"22":0,"23":0,"24":0,"25":0,"26":0,"27":0,"28":0,"29":0,"30":0,"31":0,"32":0,"33":0,"34":0,"35":1},"b":{"0":[1],"1":[1]},"meta":{"lastBranch":2,"lastFunction":36,"lastStatement":47,"seen":{"s:4:23:23:Infinity":0,"f:5:2:5:10":0,"s:6:4:6:Infinity":1,"f:8:2:8:12":1,"b:8:28:8:31":0,"s:9:4:9:Infinity":2,"f:11:2:11:12":2,"s:12:4:12:Infinity":3,"f:14:2:14:9":3,"s:15:4:15:Infinity":4,"f:17:2:17:9":4,"s:18:4:18:Infinity":5,"f:20:2:20:9":5,"s:21:4:21:Infinity":6,"s:25:24:47:Infinity":7,"f:26:2:26:10":6,"s:27:4:27:Infinity":8,"f:29:2:29:13":7,"b:29:29:29:32":1,"s:30:4:30:Infinity":9,"f:32:2:32:15":8,"s:33:4:33:Infinity":10,"f:35:2:35:12":9,"s:36:4:36:Infinity":11,"f:38:2:38:9":10,"s:39:4:39:Infinity":12,"f:41:2:41:9":11,"s:42:4:42:Infinity":13,"f:44:2:44:9":12,"s:45:4:45:Infinity":14,"s:49:23:62:Infinity":15,"f:50:2:50:14":13,"s:51:4:51:Infinity":16,"f:53:2:53:16":14,"s:54:4:54:Infinity":17,"f:56:2:56:17":15,"s:57:4:57:Infinity":18,"f:59:2:59:15":16,"s:60:4:60:Infinity":19,"s:64:30:74:Infinity":20,"f:65:2:65:9":17,"s:66:4:66:Infinity":21,"f:68:2:68:10":18,"s:69:4:69:Infinity":22,"f:71:2:71:13":19,"s:72:4:72:Infinity":23,"s:76:25:92:Infinity":24,"f:77:2:77:9":20,"s:78:4:78:Infinity":25,"f:80:2:80:10":21,"s:81:4:81:Infinity":26,"f:83:2:83:12":22,"s:84:4:84:Infinity":27,"f:86:2:86:8":23,"s:87:4:87:Infinity":28,"f:89:2:89:15":24,"s:90:4:90:Infinity":29,"s:94:29:104:Infinity":30,"f:95:2:95:11":25,"s:96:4:96:Infinity":31,"f:98:2:98:12":26,"s:99:4:99:Infinity":32,"f:101:2:101:9":27,"s:102:4:102:Infinity":33,"s:106:26:119:Infinity":34,"f:107:2:107:11":28,"s:108:4:108:Infinity":35,"f:110:2:110:16":29,"s:111:4:111:Infinity":36,"f:113:2:113:9":30,"s:114:4:114:Infinity":37,"f:116:2:116:14":31,"s:117:4:117:Infinity":38,"s:121:24:131:Infinity":39,"f:122:2:122:8":32,"s:123:4:123:Infinity":40,"f:125:2:125:11":33,"s:126:4:126:Infinity":41,"f:128:2:128:9":34,"s:129:4:129:Infinity":42,"s:133:25:141:Infinity":43,"f:134:2:134:14":35,"s:135:21:135:Infinity":44,"s:136:4:136:Infinity":45,"s:137:4:139:Infinity":46}}}
,"D:\\projects\\dogfooding3\\frontend\\src\\components\\BannerCarousel.vue": {"path":"D:\\projects\\dogfooding3\\frontend\\src\\components\\BannerCarousel.vue","statementMap":{"0":{"start":{"line":31,"column":14},"end":{"line":31,"column":null}},"1":{"start":{"line":35,"column":6},"end":{"line":35,"column":null}},"2":{"start":{"line":36,"column":35},"end":{"line":36,"column":null}},"3":{"start":{"line":38,"column":18},"end":{"line":40,"column":null}},"4":{"start":{"line":39,"column":2},"end":{"line":39,"column":null}},"5":{"start":{"line":42,"column":18},"end":{"line":44,"column":null}},"6":{"start":{"line":43,"column":2},"end":{"line":43,"column":null}},"7":{"start":{"line":46,"column":18},"end":{"line":48,"column":null}},"8":{"start":{"line":47,"column":2},"end":{"line":47,"column":null}},"9":{"start":{"line":50,"column":22},"end":{"line":52,"column":null}},"10":{"start":{"line":51,"column":2},"end":{"line":51,"column":null}},"11":{"start":{"line":54,"column":21},"end":{"line":59,"column":null}},"12":{"start":{"line":55,"column":2},"end":{"line":58,"column":null}},"13":{"start":{"line":56,"column":4},"end":{"line":56,"column":null}},"14":{"start":{"line":57,"column":4},"end":{"line":57,"column":null}},"15":{"start":{"line":61,"column":0},"end":{"line":63,"column":null}},"16":{"start":{"line":62,"column":2},"end":{"line":62,"column":null}},"17":{"start":{"line":65,"column":0},"end":{"line":67,"column":null}},"18":{"start":{"line":66,"column":2},"end":{"line":66,"column":null}},"19":{"start":{"line":2,"column":7},"end":{"line":2,"column":null}},"20":{"start":{"line":6,"column":13},"end":{"line":6,"column":null}},"21":{"start":{"line":7,"column":15},"end":{"line":7,"column":null}},"22":{"start":{"line":14,"column":9},"end":{"line":14,"column":null}},"23":{"start":{"line":2,"column":2},"end":{"line":23,"column":67}},"24":{"start":{"line":4,"column":6},"end":{"line":9,"column":80}},"25":{"start":{"line":9,"column":66},"end":{"line":9,"column":80}},"26":{"start":{"line":15,"column":6},"end":{"line":19,"column":null}},"27":{"start":{"line":19,"column":16},"end":{"line":19,"column":null}}},"fnMap":{"0":{"name":"(anonymous_0)","decl":{"start":{"line":38,"column":18},"end":{"line":38,"column":24}},"loc":{"start":{"line":38,"column":24},"end":{"line":40,"column":null}},"line":38},"1":{"name":"(anonymous_1)","decl":{"start":{"line":42,"column":18},"end":{"line":42,"column":24}},"loc":{"start":{"line":42,"column":24},"end":{"line":44,"column":null}},"line":42},"2":{"name":"(anonymous_2)","decl":{"start":{"line":46,"column":18},"end":{"line":46,"column":19}},"loc":{"start":{"line":46,"column":37},"end":{"line":48,"column":null}},"line":46},"3":{"name":"(anonymous_3)","decl":{"start":{"line":50,"column":22},"end":{"line":50,"column":28}},"loc":{"start":{"line":50,"column":28},"end":{"line":52,"column":null}},"line":50},"4":{"name":"(anonymous_4)","decl":{"start":{"line":54,"column":21},"end":{"line":54,"column":27}},"loc":{"start":{"line":54,"column":27},"end":{"line":59,"column":null}},"line":54},"5":{"name":"(anonymous_5)","decl":{"start":{"line":61,"column":10},"end":{"line":61,"column":16}},"loc":{"start":{"line":61,"column":16},"end":{"line":63,"column":1}},"line":61},"6":{"name":"(anonymous_6)","decl":{"start":{"line":65,"column":12},"end":{"line":65,"column":18}},"loc":{"start":{"line":65,"column":18},"end":{"line":67,"column":1}},"line":65},"7":{"name":"(anonymous_7)","decl":{"start":{"line":4,"column":44},"end":{"line":4,"column":47}},"loc":{"start":{"line":4,"column":32},"end":{"line":9,"column":80}},"line":4},"8":{"name":"(anonymous_8)","decl":{"start":{"line":9,"column":62},"end":{"line":9,"column":66}},"loc":{"start":{"line":9,"column":66},"end":{"line":9,"column":80}},"line":9},"9":{"name":"(anonymous_9)","decl":{"start":{"line":16,"column":36},"end":{"line":16,"column":null}},"loc":{"start":{"line":16,"column":24},"end":{"line":19,"column":null}},"line":16},"10":{"name":"(anonymous_10)","decl":{"start":{"line":19,"column":14},"end":{"line":19,"column":16}},"loc":{"start":{"line":19,"column":16},"end":{"line":19,"column":null}},"line":19}},"branchMap":{"0":{"loc":{"start":{"line":55,"column":2},"end":{"line":58,"column":null}},"type":"if","locations":[{"start":{"line":55,"column":2},"end":{"line":58,"column":null}},{"start":{},"end":{}}],"line":55},"1":{"loc":{"start":{"line":9,"column":66},"end":{"line":9,"column":80}},"type":"binary-expr","locations":[{"start":{"line":9,"column":66},"end":{"line":9,"column":80}},{"start":{"line":9,"column":66},"end":{"line":9,"column":80}}],"line":9}},"s":{"0":10,"1":10,"2":10,"3":10,"4":3,"5":10,"6":1,"7":10,"8":1,"9":10,"10":10,"11":10,"12":1,"13":1,"14":1,"15":10,"16":10,"17":10,"18":1,"19":1,"20":1,"21":1,"22":1,"23":15,"24":45,"25":0,"26":45,"27":1},"f":{"0":3,"1":1,"2":1,"3":10,"4":1,"5":10,"6":1,"7":45,"8":0,"9":45,"10":1},"b":{"0":[1,0],"1":[0,0]},"meta":{"lastBranch":0,"lastFunction":0,"lastStatement":0,"seen":{}}}
,"D:\\projects\\dogfooding3\\frontend\\src\\components\\Footer.vue": {"path":"D:\\projects\\dogfooding3\\frontend\\src\\components\\Footer.vue","statementMap":{"0":{"start":{"line":2,"column":10},"end":{"line":2,"column":null}},"1":{"start":{"line":3,"column":9},"end":{"line":3,"column":null}},"2":{"start":{"line":4,"column":11},"end":{"line":4,"column":null}},"3":{"start":{"line":14,"column":13},"end":{"line":14,"column":null}},"4":{"start":{"line":21,"column":13},"end":{"line":21,"column":null}},"5":{"start":{"line":27,"column":13},"end":{"line":27,"column":null}},"6":{"start":{"line":2,"column":2},"end":{"line":36,"column":45}},"7":{"start":{"line":16,"column":39},"end":{"line":16,"column":53}},"8":{"start":{"line":17,"column":38},"end":{"line":17,"column":52}},"9":{"start":{"line":18,"column":40},"end":{"line":18,"column":54}},"10":{"start":{"line":19,"column":42},"end":{"line":19,"column":56}},"11":{"start":{"line":23,"column":41},"end":{"line":23,"column":55}},"12":{"start":{"line":24,"column":41},"end":{"line":24,"column":55}},"13":{"start":{"line":29,"column":59},"end":{"line":29,"column":73}},"14":{"start":{"line":30,"column":59},"end":{"line":30,"column":73}},"15":{"start":{"line":31,"column":63},"end":{"line":31,"column":77}}},"fnMap":{"0":{"name":"(anonymous_0)","decl":{"start":{"line":16,"column":35},"end":{"line":16,"column":39}},"loc":{"start":{"line":16,"column":39},"end":{"line":16,"column":53}},"line":16},"1":{"name":"(anonymous_1)","decl":{"start":{"line":17,"column":34},"end":{"line":17,"column":38}},"loc":{"start":{"line":17,"column":38},"end":{"line":17,"column":52}},"line":17},"2":{"name":"(anonymous_2)","decl":{"start":{"line":18,"column":36},"end":{"line":18,"column":40}},"loc":{"start":{"line":18,"column":40},"end":{"line":18,"column":54}},"line":18},"3":{"name":"(anonymous_3)","decl":{"start":{"line":19,"column":38},"end":{"line":19,"column":42}},"loc":{"start":{"line":19,"column":42},"end":{"line":19,"column":56}},"line":19},"4":{"name":"(anonymous_4)","decl":{"start":{"line":23,"column":37},"end":{"line":23,"column":41}},"loc":{"start":{"line":23,"column":41},"end":{"line":23,"column":55}},"line":23},"5":{"name":"(anonymous_5)","decl":{"start":{"line":24,"column":37},"end":{"line":24,"column":41}},"loc":{"start":{"line":24,"column":41},"end":{"line":24,"column":55}},"line":24},"6":{"name":"(anonymous_6)","decl":{"start":{"line":29,"column":55},"end":{"line":29,"column":59}},"loc":{"start":{"line":29,"column":59},"end":{"line":29,"column":73}},"line":29},"7":{"name":"(anonymous_7)","decl":{"start":{"line":30,"column":55},"end":{"line":30,"column":59}},"loc":{"start":{"line":30,"column":59},"end":{"line":30,"column":73}},"line":30},"8":{"name":"(anonymous_8)","decl":{"start":{"line":31,"column":57},"end":{"line":31,"column":63}},"loc":{"start":{"line":31,"column":63},"end":{"line":31,"column":77}},"line":31}},"branchMap":{"0":{"loc":{"start":{"line":15,"column":10},"end":{"line":15,"column":23}},"type":"binary-expr","locations":[{"start":{"line":15,"column":10},"end":{"line":15,"column":14}},{"start":{"line":15,"column":10},"end":{"line":15,"column":23}}],"line":15},"1":{"loc":{"start":{"line":16,"column":39},"end":{"line":16,"column":53}},"type":"binary-expr","locations":[{"start":{"line":16,"column":39},"end":{"line":16,"column":53}},{"start":{"line":16,"column":39},"end":{"line":16,"column":53}}],"line":16},"2":{"loc":{"start":{"line":17,"column":38},"end":{"line":17,"column":52}},"type":"binary-expr","locations":[{"start":{"line":17,"column":38},"end":{"line":17,"column":52}},{"start":{"line":17,"column":38},"end":{"line":17,"column":52}}],"line":17},"3":{"loc":{"start":{"line":18,"column":40},"end":{"line":18,"column":54}},"type":"binary-expr","locations":[{"start":{"line":18,"column":40},"end":{"line":18,"column":54}},{"start":{"line":18,"column":40},"end":{"line":18,"column":54}}],"line":18},"4":{"loc":{"start":{"line":19,"column":42},"end":{"line":19,"column":56}},"type":"binary-expr","locations":[{"start":{"line":19,"column":42},"end":{"line":19,"column":56}},{"start":{"line":19,"column":42},"end":{"line":19,"column":56}}],"line":19},"5":{"loc":{"start":{"line":22,"column":10},"end":{"line":22,"column":23}},"type":"binary-expr","locations":[{"start":{"line":22,"column":10},"end":{"line":22,"column":14}},{"start":{"line":22,"column":10},"end":{"line":22,"column":23}}],"line":22},"6":{"loc":{"start":{"line":23,"column":41},"end":{"line":23,"column":55}},"type":"binary-expr","locations":[{"start":{"line":23,"column":41},"end":{"line":23,"column":55}},{"start":{"line":23,"column":41},"end":{"line":23,"column":55}}],"line":23},"7":{"loc":{"start":{"line":24,"column":41},"end":{"line":24,"column":55}},"type":"binary-expr","locations":[{"start":{"line":24,"column":41},"end":{"line":24,"column":55}},{"start":{"line":24,"column":41},"end":{"line":24,"column":55}}],"line":24},"8":{"loc":{"start":{"line":25,"column":10},"end":{"line":25,"column":30}},"type":"binary-expr","locations":[{"start":{"line":25,"column":10},"end":{"line":25,"column":13}},{"start":{"line":25,"column":10},"end":{"line":25,"column":30}}],"line":25},"9":{"loc":{"start":{"line":28,"column":10},"end":{"line":28,"column":23}},"type":"binary-expr","locations":[{"start":{"line":28,"column":10},"end":{"line":28,"column":14}},{"start":{"line":28,"column":10},"end":{"line":28,"column":23}}],"line":28},"10":{"loc":{"start":{"line":29,"column":59},"end":{"line":29,"column":73}},"type":"binary-expr","locations":[{"start":{"line":29,"column":59},"end":{"line":29,"column":73}},{"start":{"line":29,"column":59},"end":{"line":29,"column":73}}],"line":29},"11":{"loc":{"start":{"line":30,"column":59},"end":{"line":30,"column":73}},"type":"binary-expr","locations":[{"start":{"line":30,"column":59},"end":{"line":30,"column":73}},{"start":{"line":30,"column":59},"end":{"line":30,"column":73}}],"line":30},"12":{"loc":{"start":{"line":31,"column":63},"end":{"line":31,"column":77}},"type":"binary-expr","locations":[{"start":{"line":31,"column":63},"end":{"line":31,"column":77}},{"start":{"line":31,"column":63},"end":{"line":31,"column":77}}],"line":31},"13":{"loc":{"start":{"line":34,"column":6},"end":{"line":36,"column":45}},"type":"binary-expr","locations":[{"start":{"line":34,"column":6},"end":{"line":34,"column":11}},{"start":{"line":34,"column":6},"end":{"line":36,"column":45}}],"line":34}},"s":{"0":1,"1":1,"2":1,"3":1,"4":1,"5":1,"6":6,"7":0,"8":0,"9":0,"10":0,"11":0,"12":0,"13":0,"14":0,"15":0},"f":{"0":0,"1":0,"2":0,"3":0,"4":0,"5":0,"6":0,"7":0,"8":0},"b":{"0":[6,6],"1":[0,0],"2":[0,0],"3":[0,0],"4":[0,0],"5":[6,6],"6":[0,0],"7":[0,0],"8":[6,6],"9":[6,6],"10":[0,0],"11":[0,0],"12":[0,0],"13":[6,6]},"meta":{"lastBranch":0,"lastFunction":0,"lastStatement":0,"seen":{}}}
,"D:\\projects\\dogfooding3\\frontend\\src\\components\\Header.vue": {"path":"D:\\projects\\dogfooding3\\frontend\\src\\components\\Header.vue","statementMap":{"0":{"start":{"line":28,"column":6},"end":{"line":28,"column":null}},"1":{"start":{"line":30,"column":21},"end":{"line":34,"column":null}},"2":{"start":{"line":31,"column":2},"end":{"line":33,"column":null}},"3":{"start":{"line":32,"column":4},"end":{"line":32,"column":null}},"4":{"start":{"line":36,"column":0},"end":{"line":38,"column":null}},"5":{"start":{"line":37,"column":2},"end":{"line":37,"column":null}},"6":{"start":{"line":40,"column":0},"end":{"line":42,"column":null}},"7":{"start":{"line":41,"column":2},"end":{"line":41,"column":null}},"8":{"start":{"line":2,"column":10},"end":{"line":2,"column":null}},"9":{"start":{"line":3,"column":9},"end":{"line":3,"column":null}},"10":{"start":{"line":4,"column":11},"end":{"line":4,"column":null}},"11":{"start":{"line":2,"column":2},"end":{"line":19,"column":102}},"12":{"start":{"line":6,"column":26},"end":{"line":6,"column":26}},"13":{"start":{"line":9,"column":46},"end":{"line":9,"column":null}},"14":{"start":{"line":14,"column":53},"end":{"line":14,"column":77}},"15":{"start":{"line":14,"column":79},"end":{"line":14,"column":93}},"16":{"start":{"line":15,"column":58},"end":{"line":15,"column":82}},"17":{"start":{"line":15,"column":86},"end":{"line":15,"column":100}},"18":{"start":{"line":16,"column":57},"end":{"line":16,"column":81}},"19":{"start":{"line":16,"column":85},"end":{"line":16,"column":99}},"20":{"start":{"line":17,"column":59},"end":{"line":17,"column":83}},"21":{"start":{"line":17,"column":87},"end":{"line":17,"column":101}},"22":{"start":{"line":18,"column":61},"end":{"line":18,"column":85}},"23":{"start":{"line":18,"column":89},"end":{"line":18,"column":103}},"24":{"start":{"line":19,"column":60},"end":{"line":19,"column":84}},"25":{"start":{"line":19,"column":88},"end":{"line":19,"column":102}}},"fnMap":{"0":{"name":"(anonymous_0)","decl":{"start":{"line":30,"column":21},"end":{"line":30,"column":27}},"loc":{"start":{"line":30,"column":27},"end":{"line":34,"column":null}},"line":30},"1":{"name":"(anonymous_1)","decl":{"start":{"line":36,"column":10},"end":{"line":36,"column":16}},"loc":{"start":{"line":36,"column":16},"end":{"line":38,"column":1}},"line":36},"2":{"name":"(anonymous_2)","decl":{"start":{"line":40,"column":12},"end":{"line":40,"column":18}},"loc":{"start":{"line":40,"column":18},"end":{"line":42,"column":1}},"line":40},"3":{"name":"(anonymous_3)","decl":{"start":{"line":6,"column":10},"end":{"line":6,"column":14}},"loc":{"start":{"line":6,"column":26},"end":{"line":6,"column":26}},"line":6},"4":{"name":"(anonymous_4)","decl":{"start":{"line":9,"column":44},"end":{"line":9,"column":46}},"loc":{"start":{"line":9,"column":46},"end":{"line":9,"column":null}},"line":9},"5":{"name":"(anonymous_5)","decl":{"start":{"line":14,"column":51},"end":{"line":14,"column":53}},"loc":{"start":{"line":14,"column":53},"end":{"line":14,"column":77}},"line":14},"6":{"name":"(anonymous_6)","decl":{"start":{"line":14,"column":77},"end":{"line":14,"column":79}},"loc":{"start":{"line":14,"column":79},"end":{"line":14,"column":93}},"line":14},"7":{"name":"(anonymous_7)","decl":{"start":{"line":15,"column":56},"end":{"line":15,"column":58}},"loc":{"start":{"line":15,"column":58},"end":{"line":15,"column":82}},"line":15},"8":{"name":"(anonymous_8)","decl":{"start":{"line":15,"column":82},"end":{"line":15,"column":86}},"loc":{"start":{"line":15,"column":86},"end":{"line":15,"column":100}},"line":15},"9":{"name":"(anonymous_9)","decl":{"start":{"line":16,"column":55},"end":{"line":16,"column":57}},"loc":{"start":{"line":16,"column":57},"end":{"line":16,"column":81}},"line":16},"10":{"name":"(anonymous_10)","decl":{"start":{"line":16,"column":81},"end":{"line":16,"column":85}},"loc":{"start":{"line":16,"column":85},"end":{"line":16,"column":99}},"line":16},"11":{"name":"(anonymous_11)","decl":{"start":{"line":17,"column":57},"end":{"line":17,"column":59}},"loc":{"start":{"line":17,"column":59},"end":{"line":17,"column":83}},"line":17},"12":{"name":"(anonymous_12)","decl":{"start":{"line":17,"column":83},"end":{"line":17,"column":87}},"loc":{"start":{"line":17,"column":87},"end":{"line":17,"column":101}},"line":17},"13":{"name":"(anonymous_13)","decl":{"start":{"line":18,"column":59},"end":{"line":18,"column":61}},"loc":{"start":{"line":18,"column":61},"end":{"line":18,"column":85}},"line":18},"14":{"name":"(anonymous_14)","decl":{"start":{"line":18,"column":85},"end":{"line":18,"column":89}},"loc":{"start":{"line":18,"column":89},"end":{"line":18,"column":103}},"line":18},"15":{"name":"(anonymous_15)","decl":{"start":{"line":19,"column":58},"end":{"line":19,"column":60}},"loc":{"start":{"line":19,"column":60},"end":{"line":19,"column":84}},"line":19},"16":{"name":"(anonymous_16)","decl":{"start":{"line":19,"column":84},"end":{"line":19,"column":88}},"loc":{"start":{"line":19,"column":88},"end":{"line":19,"column":102}},"line":19}},"branchMap":{"0":{"loc":{"start":{"line":31,"column":2},"end":{"line":33,"column":null}},"type":"if","locations":[{"start":{"line":31,"column":2},"end":{"line":33,"column":null}},{"start":{},"end":{}}],"line":31},"1":{"loc":{"start":{"line":6,"column":26},"end":{"line":6,"column":26}},"type":"binary-expr","locations":[{"start":{"line":6,"column":26},"end":{"line":6,"column":null}},{"start":{"line":6,"column":26},"end":{"line":6,"column":26}}],"line":6},"2":{"loc":{"start":{"line":9,"column":44},"end":{"line":9,"column":null}},"type":"binary-expr","locations":[{"start":{"line":9,"column":44},"end":{"line":9,"column":46}},{"start":{"line":9,"column":44},"end":{"line":9,"column":null}}],"line":9},"3":{"loc":{"start":{"line":10,"column":21},"end":{"line":11,"column":29}},"type":"cond-expr","locations":[{"start":{"line":10,"column":21},"end":{"line":10,"column":45}},{"start":{"line":10,"column":38},"end":{"line":11,"column":29}}],"line":10},"4":{"loc":{"start":{"line":14,"column":51},"end":{"line":14,"column":77}},"type":"binary-expr","locations":[{"start":{"line":14,"column":51},"end":{"line":14,"column":53}},{"start":{"line":14,"column":51},"end":{"line":14,"column":77}}],"line":14},"5":{"loc":{"start":{"line":14,"column":79},"end":{"line":14,"column":93}},"type":"binary-expr","locations":[{"start":{"line":14,"column":79},"end":{"line":14,"column":93}},{"start":{"line":14,"column":79},"end":{"line":14,"column":93}}],"line":14},"6":{"loc":{"start":{"line":15,"column":56},"end":{"line":15,"column":82}},"type":"binary-expr","locations":[{"start":{"line":15,"column":56},"end":{"line":15,"column":58}},{"start":{"line":15,"column":56},"end":{"line":15,"column":82}}],"line":15},"7":{"loc":{"start":{"line":15,"column":86},"end":{"line":15,"column":100}},"type":"binary-expr","locations":[{"start":{"line":15,"column":86},"end":{"line":15,"column":100}},{"start":{"line":15,"column":86},"end":{"line":15,"column":100}}],"line":15},"8":{"loc":{"start":{"line":16,"column":55},"end":{"line":16,"column":81}},"type":"binary-expr","locations":[{"start":{"line":16,"column":55},"end":{"line":16,"column":57}},{"start":{"line":16,"column":55},"end":{"line":16,"column":81}}],"line":16},"9":{"loc":{"start":{"line":16,"column":85},"end":{"line":16,"column":99}},"type":"binary-expr","locations":[{"start":{"line":16,"column":85},"end":{"line":16,"column":99}},{"start":{"line":16,"column":85},"end":{"line":16,"column":99}}],"line":16},"10":{"loc":{"start":{"line":17,"column":57},"end":{"line":17,"column":83}},"type":"binary-expr","locations":[{"start":{"line":17,"column":57},"end":{"line":17,"column":59}},{"start":{"line":17,"column":57},"end":{"line":17,"column":83}}],"line":17},"11":{"loc":{"start":{"line":17,"column":87},"end":{"line":17,"column":101}},"type":"binary-expr","locations":[{"start":{"line":17,"column":87},"end":{"line":17,"column":101}},{"start":{"line":17,"column":87},"end":{"line":17,"column":101}}],"line":17},"12":{"loc":{"start":{"line":18,"column":59},"end":{"line":18,"column":85}},"type":"binary-expr","locations":[{"start":{"line":18,"column":59},"end":{"line":18,"column":61}},{"start":{"line":18,"column":59},"end":{"line":18,"column":85}}],"line":18},"13":{"loc":{"start":{"line":18,"column":89},"end":{"line":18,"column":103}},"type":"binary-expr","locations":[{"start":{"line":18,"column":89},"end":{"line":18,"column":103}},{"start":{"line":18,"column":89},"end":{"line":18,"column":103}}],"line":18},"14":{"loc":{"start":{"line":19,"column":58},"end":{"line":19,"column":84}},"type":"binary-expr","locations":[{"start":{"line":19,"column":58},"end":{"line":19,"column":60}},{"start":{"line":19,"column":58},"end":{"line":19,"column":84}}],"line":19},"15":{"loc":{"start":{"line":19,"column":88},"end":{"line":19,"column":102}},"type":"binary-expr","locations":[{"start":{"line":19,"column":88},"end":{"line":19,"column":102}},{"start":{"line":19,"column":88},"end":{"line":19,"column":102}}],"line":19}},"s":{"0":4,"1":4,"2":3,"3":3,"4":4,"5":4,"6":4,"7":0,"8":1,"9":1,"10":1,"11":4,"12":4,"13":0,"14":0,"15":4,"16":0,"17":4,"18":0,"19":4,"20":0,"21":4,"22":0,"23":4,"24":0,"25":4},"f":{"0":3,"1":4,"2":0,"3":4,"4":0,"5":0,"6":4,"7":0,"8":4,"9":0,"10":4,"11":0,"12":4,"13":0,"14":4,"15":0,"16":4},"b":{"0":[3,0],"1":[4,4],"2":[4,4],"3":[4,0],"4":[4,4],"5":[4,4],"6":[4,4],"7":[4,4],"8":[4,4],"9":[4,4],"10":[4,4],"11":[4,4],"12":[4,4],"13":[4,4],"14":[4,4],"15":[4,4]},"meta":{"lastBranch":0,"lastFunction":0,"lastStatement":0,"seen":{}}}
,"D:\\projects\\dogfooding3\\frontend\\src\\components\\ImageUploader.vue": {"path":"D:\\projects\\dogfooding3\\frontend\\src\\components\\ImageUploader.vue","statementMap":{"0":{"start":{"line":35,"column":14},"end":{"line":35,"column":null}},"1":{"start":{"line":39,"column":13},"end":{"line":39,"column":null}},"2":{"start":{"line":43,"column":6},"end":{"line":43,"column":null}},"3":{"start":{"line":43,"column":33},"end":{"line":43,"column":52}},"4":{"start":{"line":45,"column":6},"end":{"line":47,"column":null}},"5":{"start":{"line":45,"column":38},"end":{"line":47,"column":2}},"6":{"start":{"line":49,"column":21},"end":{"line":62,"column":null}},"7":{"start":{"line":50,"column":18},"end":{"line":50,"column":null}},"8":{"start":{"line":51,"column":17},"end":{"line":51,"column":null}},"9":{"start":{"line":53,"column":2},"end":{"line":56,"column":null}},"10":{"start":{"line":54,"column":4},"end":{"line":54,"column":null}},"11":{"start":{"line":55,"column":4},"end":{"line":55,"column":null}},"12":{"start":{"line":57,"column":2},"end":{"line":60,"column":null}},"13":{"start":{"line":58,"column":4},"end":{"line":58,"column":null}},"14":{"start":{"line":59,"column":4},"end":{"line":59,"column":null}},"15":{"start":{"line":61,"column":2},"end":{"line":61,"column":null}},"16":{"start":{"line":64,"column":22},"end":{"line":71,"column":null}},"17":{"start":{"line":65,"column":2},"end":{"line":70,"column":null}},"18":{"start":{"line":66,"column":4},"end":{"line":66,"column":null}},"19":{"start":{"line":67,"column":4},"end":{"line":67,"column":null}},"20":{"start":{"line":69,"column":4},"end":{"line":69,"column":null}},"21":{"start":{"line":73,"column":21},"end":{"line":75,"column":null}},"22":{"start":{"line":74,"column":2},"end":{"line":74,"column":null}},"23":{"start":{"line":2,"column":7},"end":{"line":2,"column":null}},"24":{"start":{"line":14,"column":13},"end":{"line":14,"column":null}},"25":{"start":{"line":2,"column":2},"end":{"line":25,"column":85}},"26":{"start":{"line":18,"column":12},"end":{"line":21,"column":25}},"27":{"start":{"line":15,"column":27},"end":{"line":15,"column":37}},"28":{"start":{"line":20,"column":45},"end":{"line":20,"column":55}},"29":{"start":{"line":25,"column":73},"end":{"line":25,"column":85}}},"fnMap":{"0":{"name":"(anonymous_0)","decl":{"start":{"line":43,"column":27},"end":{"line":43,"column":33}},"loc":{"start":{"line":43,"column":33},"end":{"line":43,"column":52}},"line":43},"1":{"name":"(anonymous_1)","decl":{"start":{"line":45,"column":31},"end":{"line":45,"column":38}},"loc":{"start":{"line":45,"column":38},"end":{"line":47,"column":2}},"line":45},"2":{"name":"(anonymous_2)","decl":{"start":{"line":49,"column":21},"end":{"line":49,"column":22}},"loc":{"start":{"line":49,"column":46},"end":{"line":62,"column":null}},"line":49},"3":{"name":"(anonymous_3)","decl":{"start":{"line":64,"column":22},"end":{"line":64,"column":23}},"loc":{"start":{"line":64,"column":102},"end":{"line":71,"column":null}},"line":64},"4":{"name":"(anonymous_4)","decl":{"start":{"line":73,"column":21},"end":{"line":73,"column":33}},"loc":{"start":{"line":73,"column":33},"end":{"line":75,"column":null}},"line":73},"5":{"name":"(anonymous_5)","decl":{"start":{"line":12,"column":6},"end":{"line":12,"column":17}},"loc":{"start":{"line":18,"column":12},"end":{"line":21,"column":25}},"line":18},"6":{"name":"(anonymous_6)","decl":{"start":{"line":15,"column":19},"end":{"line":15,"column":27}},"loc":{"start":{"line":15,"column":27},"end":{"line":15,"column":37}},"line":15},"7":{"name":"(anonymous_7)","decl":{"start":{"line":20,"column":37},"end":{"line":20,"column":45}},"loc":{"start":{"line":20,"column":45},"end":{"line":20,"column":55}},"line":20},"8":{"name":"(anonymous_8)","decl":{"start":{"line":25,"column":71},"end":{"line":25,"column":73}},"loc":{"start":{"line":25,"column":73},"end":{"line":25,"column":85}},"line":25}},"branchMap":{"0":{"loc":{"start":{"line":53,"column":2},"end":{"line":56,"column":null}},"type":"if","locations":[{"start":{"line":53,"column":2},"end":{"line":56,"column":null}},{"start":{},"end":{}}],"line":53},"1":{"loc":{"start":{"line":57,"column":2},"end":{"line":60,"column":null}},"type":"if","locations":[{"start":{"line":57,"column":2},"end":{"line":60,"column":null}},{"start":{},"end":{}}],"line":57},"2":{"loc":{"start":{"line":65,"column":2},"end":{"line":70,"column":null}},"type":"if","locations":[{"start":{"line":65,"column":2},"end":{"line":70,"column":null}},{"start":{"line":68,"column":9},"end":{"line":70,"column":null}}],"line":65},"3":{"loc":{"start":{"line":65,"column":6},"end":{"line":65,"column":44}},"type":"binary-expr","locations":[{"start":{"line":65,"column":6},"end":{"line":65,"column":29}},{"start":{"line":65,"column":29},"end":{"line":65,"column":44}}],"line":65},"4":{"loc":{"start":{"line":69,"column":20},"end":{"line":69,"column":46}},"type":"binary-expr","locations":[{"start":{"line":69,"column":20},"end":{"line":69,"column":40}},{"start":{"line":69,"column":40},"end":{"line":69,"column":46}}],"line":69},"5":{"loc":{"start":{"line":12,"column":17},"end":{"line":21,"column":25}},"type":"cond-expr","locations":[{"start":{"line":12,"column":17},"end":{"line":19,"column":18}},{"start":{"line":19,"column":6},"end":{"line":21,"column":25}}],"line":12},"6":{"loc":{"start":{"line":16,"column":10},"end":{"line":16,"column":27}},"type":"binary-expr","locations":[{"start":{"line":16,"column":10},"end":{"line":16,"column":16}},{"start":{"line":16,"column":10},"end":{"line":16,"column":27}}],"line":16},"7":{"loc":{"start":{"line":21,"column":8},"end":{"line":21,"column":25}},"type":"binary-expr","locations":[{"start":{"line":21,"column":8},"end":{"line":21,"column":14}},{"start":{"line":21,"column":8},"end":{"line":21,"column":25}}],"line":21},"8":{"loc":{"start":{"line":24,"column":15},"end":{"line":25,"column":85}},"type":"cond-expr","locations":[{"start":{"line":24,"column":15},"end":{"line":25,"column":85}}],"line":24},"9":{"loc":{"start":{"line":25,"column":73},"end":{"line":25,"column":85}},"type":"binary-expr","locations":[{"start":{"line":25,"column":73},"end":{"line":25,"column":85}},{"start":{"line":25,"column":73},"end":{"line":25,"column":85}}],"line":25}},"s":{"0":6,"1":6,"2":6,"3":6,"4":6,"5":6,"6":6,"7":0,"8":0,"9":0,"10":0,"11":0,"12":0,"13":0,"14":0,"15":0,"16":6,"17":2,"18":1,"19":1,"20":1,"21":6,"22":1,"23":1,"24":1,"25":6,"26":6,"27":2,"28":4,"29":2},"f":{"0":6,"1":6,"2":0,"3":2,"4":1,"5":6,"6":2,"7":4,"8":2},"b":{"0":[0,0],"1":[0,0],"2":[1,1],"3":[2,1],"4":[1,0],"5":[2,4],"6":[2,2],"7":[4,4],"8":[2],"9":[2,2]},"meta":{"lastBranch":0,"lastFunction":0,"lastStatement":0,"seen":{}}}
,"D:\\projects\\dogfooding3\\frontend\\src\\utils\\request.ts": {"path":"D:\\projects\\dogfooding3\\frontend\\src\\utils\\request.ts","statementMap":{"0":{"start":{"line":6,"column":31},"end":{"line":9,"column":null}},"1":{"start":{"line":11,"column":0},"end":{"line":19,"column":null}},"2":{"start":{"line":13,"column":4},"end":{"line":13,"column":null}},"3":{"start":{"line":16,"column":4},"end":{"line":16,"column":null}},"4":{"start":{"line":17,"column":4},"end":{"line":17,"column":null}},"5":{"start":{"line":21,"column":0},"end":{"line":35,"column":null}},"6":{"start":{"line":23,"column":16},"end":{"line":23,"column":null}},"7":{"start":{"line":24,"column":4},"end":{"line":27,"column":null}},"8":{"start":{"line":25,"column":6},"end":{"line":25,"column":null}},"9":{"start":{"line":26,"column":6},"end":{"line":26,"column":null}},"10":{"start":{"line":28,"column":4},"end":{"line":28,"column":null}},"11":{"start":{"line":31,"column":4},"end":{"line":31,"column":null}},"12":{"start":{"line":32,"column":4},"end":{"line":32,"column":null}},"13":{"start":{"line":33,"column":4},"end":{"line":33,"column":null}}},"fnMap":{"0":{"name":"(anonymous_0)","decl":{"start":{"line":11,"column":29},"end":{"line":11,"column":null}},"loc":{"start":{"line":12,"column":14},"end":{"line":14,"column":null}},"line":12},"1":{"name":"(anonymous_1)","decl":{"start":{"line":14,"column":2},"end":{"line":14,"column":null}},"loc":{"start":{"line":15,"column":13},"end":{"line":18,"column":null}},"line":15},"2":{"name":"(anonymous_2)","decl":{"start":{"line":21,"column":30},"end":{"line":21,"column":null}},"loc":{"start":{"line":22,"column":44},"end":{"line":29,"column":null}},"line":22},"3":{"name":"(anonymous_3)","decl":{"start":{"line":29,"column":2},"end":{"line":29,"column":null}},"loc":{"start":{"line":30,"column":13},"end":{"line":34,"column":null}},"line":30}},"branchMap":{"0":{"loc":{"start":{"line":24,"column":4},"end":{"line":27,"column":null}},"type":"if","locations":[{"start":{"line":24,"column":4},"end":{"line":27,"column":null}},{"start":{},"end":{}}],"line":24},"1":{"loc":{"start":{"line":25,"column":22},"end":{"line":25,"column":43}},"type":"binary-expr","locations":[{"start":{"line":25,"column":22},"end":{"line":25,"column":37}},{"start":{"line":25,"column":37},"end":{"line":25,"column":43}}],"line":25},"2":{"loc":{"start":{"line":26,"column":38},"end":{"line":26,"column":59}},"type":"binary-expr","locations":[{"start":{"line":26,"column":38},"end":{"line":26,"column":53}},{"start":{"line":26,"column":53},"end":{"line":26,"column":59}}],"line":26},"3":{"loc":{"start":{"line":32,"column":20},"end":{"line":32,"column":43}},"type":"binary-expr","locations":[{"start":{"line":32,"column":20},"end":{"line":32,"column":37}},{"start":{"line":32,"column":37},"end":{"line":32,"column":43}}],"line":32}},"s":{"0":1,"1":1,"2":0,"3":0,"4":0,"5":1,"6":0,"7":0,"8":0,"9":0,"10":0,"11":0,"12":0,"13":0},"f":{"0":0,"1":0,"2":0,"3":0},"b":{"0":[0,0],"1":[0,0],"2":[0,0],"3":[0,0]},"meta":{"lastBranch":4,"lastFunction":4,"lastStatement":14,"seen":{"s:6:31:9:Infinity":0,"s:11:0:19:Infinity":1,"f:11:29:11:Infinity":0,"s:13:4:13:Infinity":2,"f:14:2:14:Infinity":1,"s:16:4:16:Infinity":3,"s:17:4:17:Infinity":4,"s:21:0:35:Infinity":5,"f:21:30:21:Infinity":2,"s:23:16:23:Infinity":6,"b:24:4:27:Infinity:undefined:undefined:undefined:undefined":0,"s:24:4:27:Infinity":7,"s:25:6:25:Infinity":8,"b:25:22:25:37:25:37:25:43":1,"s:26:6:26:Infinity":9,"b:26:38:26:53:26:53:26:59":2,"s:28:4:28:Infinity":10,"f:29:2:29:Infinity":3,"s:31:4:31:Infinity":11,"s:32:4:32:Infinity":12,"b:32:20:32:37:32:37:32:43":3,"s:33:4:33:Infinity":13}}}
}
