{"D:\\projects\\dogfooding4\\backend\\src\\app-data\\app-data.controller.ts": {"path":"D:\\projects\\dogfooding4\\backend\\src\\app-data\\app-data.controller.ts","statementMap":{"0":{"start":{"line":1,"column":0},"end":{"line":1,"column":108}},"1":{"start":{"line":2,"column":0},"end":{"line":2,"column":52}},"2":{"start":{"line":3,"column":0},"end":{"line":3,"column":72}},"3":{"start":{"line":4,"column":0},"end":{"line":4,"column":54}},"4":{"start":{"line":8,"column":7},"end":{"line":49,"column":null}},"5":{"start":{"line":9,"column":31},"end":{"line":9,"column":47}},"6":{"start":{"line":13,"column":4},"end":{"line":13,"column":67}},"7":{"start":{"line":18,"column":4},"end":{"line":18,"column":70}},"8":{"start":{"line":23,"column":4},"end":{"line":23,"column":74}},"9":{"start":{"line":28,"column":4},"end":{"line":28,"column":66}},"10":{"start":{"line":37,"column":4},"end":{"line":37,"column":84}},"11":{"start":{"line":42,"column":4},"end":{"line":42,"column":73}},"12":{"start":{"line":47,"column":4},"end":{"line":47,"column":70}},"13":{"start":{"line":8,"column":13},"end":{"line":8,"column":30}},"14":{"start":{"line":12,"column":8},"end":{"line":14,"column":null}},"15":{"start":{"line":17,"column":8},"end":{"line":19,"column":null}},"16":{"start":{"line":22,"column":8},"end":{"line":24,"column":null}},"17":{"start":{"line":27,"column":8},"end":{"line":29,"column":null}},"18":{"start":{"line":32,"column":8},"end":{"line":38,"column":null}},"19":{"start":{"line":41,"column":8},"end":{"line":43,"column":null}},"20":{"start":{"line":46,"column":8},"end":{"line":48,"column":null}},"21":{"start":{"line":8,"column":13},"end":{"line":49,"column":null}}},"fnMap":{"0":{"name":"(anonymous_4)","decl":{"start":{"line":9,"column":2},"end":{"line":9,"column":31}},"loc":{"start":{"line":9,"column":61},"end":{"line":9,"column":65}}},"1":{"name":"(anonymous_5)","decl":{"start":{"line":12,"column":2},"end":{"line":12,"column":7}},"loc":{"start":{"line":12,"column":69},"end":{"line":14,"column":3}}},"2":{"name":"(anonymous_6)","decl":{"start":{"line":17,"column":2},"end":{"line":17,"column":7}},"loc":{"start":{"line":17,"column":72},"end":{"line":19,"column":3}}},"3":{"name":"(anonymous_7)","decl":{"start":{"line":22,"column":2},"end":{"line":22,"column":7}},"loc":{"start":{"line":22,"column":60},"end":{"line":24,"column":3}}},"4":{"name":"(anonymous_8)","decl":{"start":{"line":27,"column":2},"end":{"line":27,"column":7}},"loc":{"start":{"line":27,"column":71},"end":{"line":29,"column":3}}},"5":{"name":"(anonymous_9)","decl":{"start":{"line":32,"column":2},"end":{"line":32,"column":7}},"loc":{"start":{"line":35,"column":39},"end":{"line":38,"column":3}}},"6":{"name":"(anonymous_10)","decl":{"start":{"line":41,"column":2},"end":{"line":41,"column":7}},"loc":{"start":{"line":41,"column":59},"end":{"line":43,"column":3}}},"7":{"name":"(anonymous_11)","decl":{"start":{"line":46,"column":2},"end":{"line":46,"column":7}},"loc":{"start":{"line":46,"column":72},"end":{"line":48,"column":3}}}},"branchMap":{},"s":{"0":0,"1":0,"2":0,"3":0,"4":0,"5":0,"6":0,"7":0,"8":0,"9":0,"10":0,"11":0,"12":0,"13":0,"14":0,"15":0,"16":0,"17":0,"18":0,"19":0,"20":0,"21":0},"f":{"0":0,"1":0,"2":0,"3":0,"4":0,"5":0,"6":0,"7":0},"b":{}}
,"D:\\projects\\dogfooding4\\backend\\src\\app-data\\app-data.service.ts": {"path":"D:\\projects\\dogfooding4\\backend\\src\\app-data\\app-data.service.ts","statementMap":{"0":{"start":{"line":1,"column":0},"end":{"line":1,"column":63}},"1":{"start":{"line":2,"column":0},"end":{"line":2,"column":51}},"2":{"start":{"line":3,"column":0},"end":{"line":3,"column":37}},"3":{"start":{"line":4,"column":0},"end":{"line":4,"column":54}},"4":{"start":{"line":8,"column":7},"end":{"line":69,"column":null}},"5":{"start":{"line":11,"column":12},"end":{"line":11,"column":31}},"6":{"start":{"line":15,"column":4},"end":{"line":18,"column":7}},"7":{"start":{"line":22,"column":17},"end":{"line":24,"column":6}},"8":{"start":{"line":26,"column":4},"end":{"line":28,"column":5}},"9":{"start":{"line":27,"column":6},"end":{"line":27,"column":43}},"10":{"start":{"line":30,"column":4},"end":{"line":30,"column":16}},"11":{"start":{"line":34,"column":4},"end":{"line":37,"column":7}},"12":{"start":{"line":41,"column":17},"end":{"line":44,"column":6}},"13":{"start":{"line":46,"column":4},"end":{"line":46,"column":45}},"14":{"start":{"line":50,"column":17},"end":{"line":50,"column":47}},"15":{"start":{"line":52,"column":4},"end":{"line":52,"column":35}},"16":{"start":{"line":53,"column":4},"end":{"line":53,"column":45}},"17":{"start":{"line":57,"column":17},"end":{"line":57,"column":47}},"18":{"start":{"line":58,"column":4},"end":{"line":58,"column":49}},"19":{"start":{"line":59,"column":4},"end":{"line":59,"column":31}},"20":{"start":{"line":63,"column":19},"end":{"line":66,"column":6}},"21":{"start":{"line":67,"column":4},"end":{"line":67,"column":55}},"22":{"start":{"line":8,"column":13},"end":{"line":8,"column":27}},"23":{"start":{"line":8,"column":13},"end":{"line":69,"column":null}}},"fnMap":{"0":{"name":"(anonymous_4)","decl":{"start":{"line":9,"column":2},"end":{"line":9,"column":null}},"loc":{"start":{"line":11,"column":50},"end":{"line":12,"column":6}}},"1":{"name":"(anonymous_5)","decl":{"start":{"line":14,"column":2},"end":{"line":14,"column":7}},"loc":{"start":{"line":14,"column":52},"end":{"line":19,"column":3}}},"2":{"name":"(anonymous_6)","decl":{"start":{"line":21,"column":2},"end":{"line":21,"column":7}},"loc":{"start":{"line":21,"column":42},"end":{"line":31,"column":3}}},"3":{"name":"(anonymous_7)","decl":{"start":{"line":33,"column":2},"end":{"line":33,"column":7}},"loc":{"start":{"line":33,"column":55},"end":{"line":38,"column":3}}},"4":{"name":"(anonymous_8)","decl":{"start":{"line":40,"column":2},"end":{"line":40,"column":7}},"loc":{"start":{"line":40,"column":58},"end":{"line":47,"column":3}}},"5":{"name":"(anonymous_9)","decl":{"start":{"line":49,"column":2},"end":{"line":49,"column":7}},"loc":{"start":{"line":49,"column":70},"end":{"line":54,"column":3}}},"6":{"name":"(anonymous_10)","decl":{"start":{"line":56,"column":2},"end":{"line":56,"column":7}},"loc":{"start":{"line":56,"column":41},"end":{"line":60,"column":3}}},"7":{"name":"(anonymous_11)","decl":{"start":{"line":62,"column":2},"end":{"line":62,"column":7}},"loc":{"start":{"line":62,"column":55},"end":{"line":68,"column":3}}}},"branchMap":{"0":{"loc":{"start":{"line":26,"column":4},"end":{"line":28,"column":5}},"type":"if","locations":[{"start":{"line":26,"column":4},"end":{"line":28,"column":5}}]}},"s":{"0":0,"1":0,"2":0,"3":0,"4":0,"5":0,"6":0,"7":0,"8":0,"9":0,"10":0,"11":0,"12":0,"13":0,"14":0,"15":0,"16":0,"17":0,"18":0,"19":0,"20":0,"21":0,"22":0,"23":0},"f":{"0":0,"1":0,"2":0,"3":0,"4":0,"5":0,"6":0,"7":0},"b":{"0":[0]}}
,"D:\\projects\\dogfooding4\\backend\\src\\app-data\\dto\\app-data.dto.ts": {"path":"D:\\projects\\dogfooding4\\backend\\src\\app-data\\dto\\app-data.dto.ts","statementMap":{"0":{"start":{"line":1,"column":0},"end":{"line":1,"column":65}},"1":{"start":{"line":3,"column":0},"end":{"line":3,"column":13}},"2":{"start":{"line":5,"column":2},"end":{"line":5,"column":null}},"3":{"start":{"line":9,"column":2},"end":{"line":9,"column":null}},"4":{"start":{"line":13,"column":2},"end":{"line":13,"column":null}},"5":{"start":{"line":17,"column":2},"end":{"line":17,"column":null}},"6":{"start":{"line":20,"column":0},"end":{"line":20,"column":13}},"7":{"start":{"line":23,"column":2},"end":{"line":23,"column":null}},"8":{"start":{"line":27,"column":2},"end":{"line":27,"column":null}},"9":{"start":{"line":31,"column":2},"end":{"line":31,"column":null}}},"fnMap":{},"branchMap":{},"s":{"0":0,"1":0,"2":0,"3":0,"4":0,"5":0,"6":0,"7":0,"8":0,"9":0},"f":{},"b":{}}
,"D:\\projects\\dogfooding4\\backend\\src\\auth\\auth.controller.ts": {"path":"D:\\projects\\dogfooding4\\backend\\src\\auth\\auth.controller.ts","statementMap":{"0":{"start":{"line":1,"column":0},"end":{"line":1,"column":81}},"1":{"start":{"line":2,"column":0},"end":{"line":2,"column":45}},"2":{"start":{"line":3,"column":0},"end":{"line":3,"column":55}},"3":{"start":{"line":4,"column":0},"end":{"line":4,"column":48}},"4":{"start":{"line":7,"column":7},"end":{"line":25,"column":null}},"5":{"start":{"line":8,"column":31},"end":{"line":8,"column":44}},"6":{"start":{"line":12,"column":4},"end":{"line":12,"column":50}},"7":{"start":{"line":17,"column":4},"end":{"line":17,"column":44}},"8":{"start":{"line":23,"column":4},"end":{"line":23,"column":20}},"9":{"start":{"line":7,"column":13},"end":{"line":7,"column":27}},"10":{"start":{"line":11,"column":8},"end":{"line":13,"column":null}},"11":{"start":{"line":16,"column":8},"end":{"line":18,"column":null}},"12":{"start":{"line":22,"column":2},"end":{"line":24,"column":null}},"13":{"start":{"line":7,"column":13},"end":{"line":25,"column":null}}},"fnMap":{"0":{"name":"(anonymous_4)","decl":{"start":{"line":8,"column":2},"end":{"line":8,"column":31}},"loc":{"start":{"line":8,"column":55},"end":{"line":8,"column":59}}},"1":{"name":"(anonymous_5)","decl":{"start":{"line":11,"column":2},"end":{"line":11,"column":7}},"loc":{"start":{"line":11,"column":49},"end":{"line":13,"column":3}}},"2":{"name":"(anonymous_6)","decl":{"start":{"line":16,"column":2},"end":{"line":16,"column":7}},"loc":{"start":{"line":16,"column":40},"end":{"line":18,"column":3}}},"3":{"name":"(anonymous_7)","decl":{"start":{"line":22,"column":2},"end":{"line":22,"column":12}},"loc":{"start":{"line":22,"column":32},"end":{"line":24,"column":3}}}},"branchMap":{},"s":{"0":0,"1":0,"2":0,"3":0,"4":0,"5":0,"6":0,"7":0,"8":0,"9":0,"10":0,"11":0,"12":0,"13":0},"f":{"0":0,"1":0,"2":0,"3":0},"b":{}}
,"D:\\projects\\dogfooding4\\backend\\src\\auth\\auth.service.ts": {"path":"D:\\projects\\dogfooding4\\backend\\src\\auth\\auth.service.ts","statementMap":{"0":{"start":{"line":1,"column":0},"end":{"line":1,"column":86}},"1":{"start":{"line":2,"column":0},"end":{"line":2,"column":41}},"2":{"start":{"line":3,"column":0},"end":{"line":3,"column":51}},"3":{"start":{"line":4,"column":0},"end":{"line":4,"column":37}},"4":{"start":{"line":5,"column":0},"end":{"line":5,"column":35}},"5":{"start":{"line":6,"column":0},"end":{"line":6,"column":47}},"6":{"start":{"line":7,"column":0},"end":{"line":7,"column":66}},"7":{"start":{"line":8,"column":0},"end":{"line":8,"column":51}},"8":{"start":{"line":12,"column":7},"end":{"line":90,"column":null}},"9":{"start":{"line":15,"column":12},"end":{"line":15,"column":28}},"10":{"start":{"line":17,"column":12},"end":{"line":17,"column":37}},"11":{"start":{"line":19,"column":12},"end":{"line":19,"column":28}},"12":{"start":{"line":20,"column":12},"end":{"line":20,"column":24}},"13":{"start":{"line":24,"column":25},"end":{"line":26,"column":6}},"14":{"start":{"line":27,"column":4},"end":{"line":29,"column":5}},"15":{"start":{"line":28,"column":6},"end":{"line":28,"column":44}},"16":{"start":{"line":31,"column":27},"end":{"line":31,"column":70}},"17":{"start":{"line":32,"column":17},"end":{"line":35,"column":6}},"18":{"start":{"line":37,"column":22},"end":{"line":37,"column":58}},"19":{"start":{"line":39,"column":26},"end":{"line":52,"column":6}},"20":{"start":{"line":53,"column":4},"end":{"line":53,"column":59}},"21":{"start":{"line":55,"column":23},"end":{"line":61,"column":6}},"22":{"start":{"line":62,"column":4},"end":{"line":62,"column":47}},"23":{"start":{"line":64,"column":20},"end":{"line":64,"column":71}},"24":{"start":{"line":65,"column":4},"end":{"line":68,"column":6}},"25":{"start":{"line":72,"column":17},"end":{"line":74,"column":6}},"26":{"start":{"line":75,"column":4},"end":{"line":77,"column":5}},"27":{"start":{"line":76,"column":6},"end":{"line":76,"column":50}},"28":{"start":{"line":79,"column":28},"end":{"line":79,"column":82}},"29":{"start":{"line":80,"column":4},"end":{"line":82,"column":5}},"30":{"start":{"line":81,"column":6},"end":{"line":81,"column":50}},"31":{"start":{"line":84,"column":20},"end":{"line":84,"column":61}},"32":{"start":{"line":85,"column":4},"end":{"line":88,"column":6}},"33":{"start":{"line":12,"column":13},"end":{"line":12,"column":24}},"34":{"start":{"line":12,"column":13},"end":{"line":90,"column":null}}},"fnMap":{"0":{"name":"(anonymous_4)","decl":{"start":{"line":13,"column":2},"end":{"line":13,"column":null}},"loc":{"start":{"line":20,"column":34},"end":{"line":21,"column":6}}},"1":{"name":"(anonymous_5)","decl":{"start":{"line":23,"column":2},"end":{"line":23,"column":7}},"loc":{"start":{"line":23,"column":41},"end":{"line":69,"column":3}}},"2":{"name":"(anonymous_6)","decl":{"start":{"line":71,"column":2},"end":{"line":71,"column":7}},"loc":{"start":{"line":71,"column":32},"end":{"line":89,"column":3}}}},"branchMap":{"0":{"loc":{"start":{"line":27,"column":4},"end":{"line":29,"column":5}},"type":"if","locations":[{"start":{"line":27,"column":4},"end":{"line":29,"column":5}}]},"1":{"loc":{"start":{"line":75,"column":4},"end":{"line":77,"column":5}},"type":"if","locations":[{"start":{"line":75,"column":4},"end":{"line":77,"column":5}}]},"2":{"loc":{"start":{"line":80,"column":4},"end":{"line":82,"column":5}},"type":"if","locations":[{"start":{"line":80,"column":4},"end":{"line":82,"column":5}}]}},"s":{"0":0,"1":0,"2":0,"3":0,"4":0,"5":0,"6":0,"7":0,"8":0,"9":0,"10":0,"11":0,"12":0,"13":0,"14":0,"15":0,"16":0,"17":0,"18":0,"19":0,"20":0,"21":0,"22":0,"23":0,"24":0,"25":0,"26":0,"27":0,"28":0,"29":0,"30":0,"31":0,"32":0,"33":0,"34":0},"f":{"0":0,"1":0,"2":0},"b":{"0":[0],"1":[0],"2":[0]}}
,"D:\\projects\\dogfooding4\\backend\\src\\auth\\jwt-auth.guard.ts": {"path":"D:\\projects\\dogfooding4\\backend\\src\\auth\\jwt-auth.guard.ts","statementMap":{"0":{"start":{"line":1,"column":0},"end":{"line":1,"column":44}},"1":{"start":{"line":2,"column":0},"end":{"line":2,"column":45}},"2":{"start":{"line":5,"column":7},"end":{"line":5,"column":null}},"3":{"start":{"line":5,"column":13},"end":{"line":5,"column":25}},"4":{"start":{"line":5,"column":13},"end":{"line":5,"column":null}}},"fnMap":{},"branchMap":{},"s":{"0":0,"1":0,"2":0,"3":0,"4":0},"f":{},"b":{}}
,"D:\\projects\\dogfooding4\\backend\\src\\auth\\jwt.strategy.ts": {"path":"D:\\projects\\dogfooding4\\backend\\src\\auth\\jwt.strategy.ts","statementMap":{"0":{"start":{"line":1,"column":0},"end":{"line":1,"column":44}},"1":{"start":{"line":2,"column":0},"end":{"line":2,"column":52}},"2":{"start":{"line":3,"column":0},"end":{"line":3,"column":52}},"3":{"start":{"line":6,"column":7},"end":{"line":18,"column":null}},"4":{"start":{"line":8,"column":4},"end":{"line":12,"column":7}},"5":{"start":{"line":16,"column":4},"end":{"line":16,"column":63}},"6":{"start":{"line":6,"column":13},"end":{"line":6,"column":24}},"7":{"start":{"line":6,"column":13},"end":{"line":18,"column":null}}},"fnMap":{"0":{"name":"(anonymous_2)","decl":{"start":{"line":7,"column":2},"end":{"line":7,"column":null}},"loc":{"start":{"line":7,"column":2},"end":{"line":13,"column":3}}},"1":{"name":"(anonymous_3)","decl":{"start":{"line":15,"column":2},"end":{"line":15,"column":7}},"loc":{"start":{"line":15,"column":59},"end":{"line":17,"column":3}}}},"branchMap":{},"s":{"0":0,"1":0,"2":0,"3":0,"4":0,"5":0,"6":0,"7":0},"f":{"0":0,"1":0},"b":{}}
,"D:\\projects\\dogfooding4\\backend\\src\\auth\\dto\\auth.dto.ts": {"path":"D:\\projects\\dogfooding4\\backend\\src\\auth\\dto\\auth.dto.ts","statementMap":{"0":{"start":{"line":1,"column":0},"end":{"line":1,"column":54}},"1":{"start":{"line":3,"column":0},"end":{"line":3,"column":13}},"2":{"start":{"line":6,"column":2},"end":{"line":6,"column":null}},"3":{"start":{"line":10,"column":2},"end":{"line":10,"column":null}},"4":{"start":{"line":13,"column":0},"end":{"line":13,"column":13}},"5":{"start":{"line":15,"column":2},"end":{"line":15,"column":null}},"6":{"start":{"line":18,"column":2},"end":{"line":18,"column":null}}},"fnMap":{},"branchMap":{},"s":{"0":0,"1":0,"2":0,"3":0,"4":0,"5":0,"6":0},"f":{},"b":{}}
,"D:\\projects\\dogfooding4\\backend\\src\\common\\filters\\all-exceptions.filter.ts": {"path":"D:\\projects\\dogfooding4\\backend\\src\\common\\filters\\all-exceptions.filter.ts","statementMap":{"0":{"start":{"line":1,"column":0},"end":{"line":1,"column":136}},"1":{"start":{"line":3,"column":0},"end":{"line":3,"column":43}},"2":{"start":{"line":6,"column":32},"end":{"line":53,"column":null}},"3":{"start":{"line":7,"column":19},"end":{"line":7,"column":65}},"4":{"start":{"line":10,"column":16},"end":{"line":10,"column":35}},"5":{"start":{"line":11,"column":21},"end":{"line":11,"column":48}},"6":{"start":{"line":12,"column":20},"end":{"line":12,"column":45}},"7":{"start":{"line":14,"column":17},"end":{"line":14,"column":49}},"8":{"start":{"line":15,"column":18},"end":{"line":15,"column":27}},"9":{"start":{"line":16,"column":20},"end":{"line":16,"column":36}},"10":{"start":{"line":18,"column":4},"end":{"line":33,"column":5}},"11":{"start":{"line":19,"column":6},"end":{"line":19,"column":37}},"12":{"start":{"line":20,"column":32},"end":{"line":20,"column":55}},"13":{"start":{"line":21,"column":6},"end":{"line":23,"column":66}},"14":{"start":{"line":24,"column":6},"end":{"line":24,"column":71}},"15":{"start":{"line":25,"column":11},"end":{"line":33,"column":5}},"16":{"start":{"line":26,"column":6},"end":{"line":26,"column":38}},"17":{"start":{"line":27,"column":6},"end":{"line":27,"column":26}},"18":{"start":{"line":28,"column":6},"end":{"line":28,"column":35}},"19":{"start":{"line":29,"column":6},"end":{"line":29,"column":72}},"20":{"start":{"line":30,"column":11},"end":{"line":33,"column":5}},"21":{"start":{"line":31,"column":6},"end":{"line":31,"column":34}},"22":{"start":{"line":32,"column":6},"end":{"line":32,"column":73}},"23":{"start":{"line":35,"column":4},"end":{"line":37,"column":6}},"24":{"start":{"line":39,"column":4},"end":{"line":47,"column":7}},"25":{"start":{"line":51,"column":4},"end":{"line":51,"column":96}},"26":{"start":{"line":6,"column":13},"end":{"line":6,"column":32}},"27":{"start":{"line":6,"column":13},"end":{"line":53,"column":null}}},"fnMap":{"0":{"name":"(anonymous_1)","decl":{"start":{"line":6,"column":7},"end":{"line":6,"column":13}},"loc":{"start":{"line":6,"column":7},"end":{"line":53,"column":1}}},"1":{"name":"(anonymous_2)","decl":{"start":{"line":9,"column":2},"end":{"line":9,"column":7}},"loc":{"start":{"line":9,"column":47},"end":{"line":48,"column":3}}},"2":{"name":"(anonymous_3)","decl":{"start":{"line":50,"column":10},"end":{"line":50,"column":19}},"loc":{"start":{"line":50,"column":37},"end":{"line":52,"column":3}}}},"branchMap":{"0":{"loc":{"start":{"line":18,"column":4},"end":{"line":33,"column":5}},"type":"if","locations":[{"start":{"line":18,"column":4},"end":{"line":33,"column":5}},{"start":{"line":25,"column":11},"end":{"line":33,"column":5}}]},"1":{"loc":{"start":{"line":21,"column":16},"end":{"line":23,"column":65}},"type":"cond-expr","locations":[{"start":{"line":22,"column":10},"end":{"line":22,"column":27}},{"start":{"line":23,"column":11},"end":{"line":23,"column":65}}]},"2":{"loc":{"start":{"line":23,"column":11},"end":{"line":23,"column":65}},"type":"binary-expr","locations":[{"start":{"line":23,"column":11},"end":{"line":23,"column":44}},{"start":{"line":23,"column":48},"end":{"line":23,"column":65}}]},"3":{"loc":{"start":{"line":24,"column":19},"end":{"line":24,"column":70}},"type":"binary-expr","locations":[{"start":{"line":24,"column":19},"end":{"line":24,"column":54}},{"start":{"line":24,"column":58},"end":{"line":24,"column":70}}]},"4":{"loc":{"start":{"line":25,"column":11},"end":{"line":33,"column":5}},"type":"if","locations":[{"start":{"line":25,"column":11},"end":{"line":33,"column":5}},{"start":{"line":30,"column":11},"end":{"line":33,"column":5}}]},"5":{"loc":{"start":{"line":30,"column":11},"end":{"line":33,"column":5}},"type":"if","locations":[{"start":{"line":30,"column":11},"end":{"line":33,"column":5}}]}},"s":{"0":0,"1":0,"2":0,"3":0,"4":0,"5":0,"6":0,"7":0,"8":0,"9":0,"10":0,"11":0,"12":0,"13":0,"14":0,"15":0,"16":0,"17":0,"18":0,"19":0,"20":0,"21":0,"22":0,"23":0,"24":0,"25":0,"26":0,"27":0},"f":{"0":0,"1":0,"2":0},"b":{"0":[0,0],"1":[0,0],"2":[0,0],"3":[0,0],"4":[0,0],"5":[0]}}
,"D:\\projects\\dogfooding4\\backend\\src\\desktop\\desktop.controller.ts": {"path":"D:\\projects\\dogfooding4\\backend\\src\\desktop\\desktop.controller.ts","statementMap":{"0":{"start":{"line":1,"column":0},"end":{"line":1,"column":96}},"1":{"start":{"line":2,"column":0},"end":{"line":2,"column":51}},"2":{"start":{"line":3,"column":0},"end":{"line":3,"column":54}},"3":{"start":{"line":8,"column":7},"end":{"line":64,"column":null}},"4":{"start":{"line":9,"column":31},"end":{"line":9,"column":47}},"5":{"start":{"line":13,"column":4},"end":{"line":13,"column":65}},"6":{"start":{"line":21,"column":4},"end":{"line":21,"column":72}},"7":{"start":{"line":26,"column":4},"end":{"line":26,"column":65}},"8":{"start":{"line":31,"column":4},"end":{"line":31,"column":78}},"9":{"start":{"line":36,"column":4},"end":{"line":36,"column":81}},"10":{"start":{"line":41,"column":4},"end":{"line":41,"column":75}},"11":{"start":{"line":46,"column":4},"end":{"line":46,"column":77}},"12":{"start":{"line":51,"column":4},"end":{"line":51,"column":91}},"13":{"start":{"line":57,"column":4},"end":{"line":57,"column":61}},"14":{"start":{"line":62,"column":4},"end":{"line":62,"column":49}},"15":{"start":{"line":8,"column":13},"end":{"line":8,"column":30}},"16":{"start":{"line":12,"column":8},"end":{"line":14,"column":null}},"17":{"start":{"line":17,"column":8},"end":{"line":22,"column":null}},"18":{"start":{"line":25,"column":8},"end":{"line":27,"column":null}},"19":{"start":{"line":30,"column":8},"end":{"line":32,"column":null}},"20":{"start":{"line":35,"column":8},"end":{"line":37,"column":null}},"21":{"start":{"line":40,"column":8},"end":{"line":42,"column":null}},"22":{"start":{"line":45,"column":8},"end":{"line":47,"column":null}},"23":{"start":{"line":50,"column":8},"end":{"line":52,"column":null}},"24":{"start":{"line":56,"column":8},"end":{"line":58,"column":null}},"25":{"start":{"line":61,"column":2},"end":{"line":63,"column":null}},"26":{"start":{"line":8,"column":13},"end":{"line":64,"column":null}}},"fnMap":{"0":{"name":"(anonymous_4)","decl":{"start":{"line":9,"column":2},"end":{"line":9,"column":31}},"loc":{"start":{"line":9,"column":61},"end":{"line":9,"column":65}}},"1":{"name":"(anonymous_5)","decl":{"start":{"line":12,"column":2},"end":{"line":12,"column":7}},"loc":{"start":{"line":12,"column":46},"end":{"line":14,"column":3}}},"2":{"name":"(anonymous_6)","decl":{"start":{"line":17,"column":2},"end":{"line":17,"column":7}},"loc":{"start":{"line":19,"column":134},"end":{"line":22,"column":3}}},"3":{"name":"(anonymous_7)","decl":{"start":{"line":25,"column":2},"end":{"line":25,"column":7}},"loc":{"start":{"line":25,"column":65},"end":{"line":27,"column":3}}},"4":{"name":"(anonymous_8)","decl":{"start":{"line":30,"column":2},"end":{"line":30,"column":7}},"loc":{"start":{"line":30,"column":78},"end":{"line":32,"column":3}}},"5":{"name":"(anonymous_9)","decl":{"start":{"line":35,"column":2},"end":{"line":35,"column":7}},"loc":{"start":{"line":35,"column":73},"end":{"line":37,"column":3}}},"6":{"name":"(anonymous_10)","decl":{"start":{"line":40,"column":2},"end":{"line":40,"column":7}},"loc":{"start":{"line":40,"column":77},"end":{"line":42,"column":3}}},"7":{"name":"(anonymous_11)","decl":{"start":{"line":45,"column":2},"end":{"line":45,"column":7}},"loc":{"start":{"line":45,"column":80},"end":{"line":47,"column":3}}},"8":{"name":"(anonymous_12)","decl":{"start":{"line":50,"column":2},"end":{"line":50,"column":7}},"loc":{"start":{"line":50,"column":101},"end":{"line":52,"column":3}}},"9":{"name":"(anonymous_13)","decl":{"start":{"line":56,"column":2},"end":{"line":56,"column":7}},"loc":{"start":{"line":56,"column":40},"end":{"line":58,"column":3}}},"10":{"name":"(anonymous_14)","decl":{"start":{"line":61,"column":2},"end":{"line":61,"column":17}},"loc":{"start":{"line":61,"column":17},"end":{"line":63,"column":3}}}},"branchMap":{},"s":{"0":0,"1":0,"2":0,"3":0,"4":0,"5":0,"6":0,"7":0,"8":0,"9":0,"10":0,"11":0,"12":0,"13":0,"14":0,"15":0,"16":0,"17":0,"18":0,"19":0,"20":0,"21":0,"22":0,"23":0,"24":0,"25":0,"26":0},"f":{"0":0,"1":0,"2":0,"3":0,"4":0,"5":0,"6":0,"7":0,"8":0,"9":0,"10":0},"b":{}}
,"D:\\projects\\dogfooding4\\backend\\src\\desktop\\desktop.service.ts": {"path":"D:\\projects\\dogfooding4\\backend\\src\\desktop\\desktop.service.ts","statementMap":{"0":{"start":{"line":1,"column":0},"end":{"line":1,"column":73}},"1":{"start":{"line":2,"column":0},"end":{"line":2,"column":51}},"2":{"start":{"line":3,"column":0},"end":{"line":3,"column":37}},"3":{"start":{"line":4,"column":0},"end":{"line":4,"column":133}},"4":{"start":{"line":7,"column":27},"end":{"line":391,"column":null}},"5":{"start":{"line":12,"column":12},"end":{"line":12,"column":37}},"6":{"start":{"line":8,"column":19},"end":{"line":8,"column":60}},"7":{"start":{"line":16,"column":4},"end":{"line":26,"column":6}},"8":{"start":{"line":30,"column":4},"end":{"line":35,"column":6}},"9":{"start":{"line":39,"column":4},"end":{"line":44,"column":6}},"10":{"start":{"line":48,"column":4},"end":{"line":52,"column":6}},"11":{"start":{"line":56,"column":4},"end":{"line":91,"column":5}},"12":{"start":{"line":57,"column":19},"end":{"line":59,"column":8}},"13":{"start":{"line":61,"column":6},"end":{"line":85,"column":7}},"14":{"start":{"line":62,"column":8},"end":{"line":83,"column":11}},"15":{"start":{"line":84,"column":8},"end":{"line":84,"column":65}},"16":{"start":{"line":87,"column":6},"end":{"line":87,"column":47}},"17":{"start":{"line":89,"column":6},"end":{"line":89,"column":67}},"18":{"start":{"line":90,"column":6},"end":{"line":90,"column":18}},"19":{"start":{"line":95,"column":19},"end":{"line":95,"column":24}},"20":{"start":{"line":96,"column":24},"end":{"line":96,"column":37}},"21":{"start":{"line":98,"column":4},"end":{"line":110,"column":5}},"22":{"start":{"line":99,"column":6},"end":{"line":99,"column":49}},"23":{"start":{"line":100,"column":6},"end":{"line":100,"column":22}},"24":{"start":{"line":102,"column":6},"end":{"line":105,"column":7}},"25":{"start":{"line":103,"column":8},"end":{"line":103,"column":40}},"26":{"start":{"line":104,"column":8},"end":{"line":104,"column":24}},"27":{"start":{"line":106,"column":6},"end":{"line":109,"column":7}},"28":{"start":{"line":107,"column":8},"end":{"line":107,"column":79}},"29":{"start":{"line":108,"column":8},"end":{"line":108,"column":24}},"30":{"start":{"line":112,"column":4},"end":{"line":115,"column":5}},"31":{"start":{"line":113,"column":6},"end":{"line":113,"column":53}},"32":{"start":{"line":114,"column":6},"end":{"line":114,"column":22}},"33":{"start":{"line":117,"column":4},"end":{"line":120,"column":5}},"34":{"start":{"line":118,"column":6},"end":{"line":118,"column":55}},"35":{"start":{"line":119,"column":6},"end":{"line":119,"column":22}},"36":{"start":{"line":122,"column":4},"end":{"line":125,"column":5}},"37":{"start":{"line":123,"column":6},"end":{"line":123,"column":69}},"38":{"start":{"line":124,"column":6},"end":{"line":124,"column":22}},"39":{"start":{"line":127,"column":4},"end":{"line":130,"column":5}},"40":{"start":{"line":128,"column":6},"end":{"line":128,"column":133}},"41":{"start":{"line":129,"column":6},"end":{"line":129,"column":22}},"42":{"start":{"line":132,"column":4},"end":{"line":153,"column":5}},"43":{"start":{"line":133,"column":6},"end":{"line":139,"column":8}},"44":{"start":{"line":140,"column":6},"end":{"line":140,"column":22}},"45":{"start":{"line":142,"column":29},"end":{"line":142,"column":77}},"46":{"start":{"line":142,"column":61},"end":{"line":142,"column":76}},"47":{"start":{"line":143,"column":26},"end":{"line":143,"column":74}},"48":{"start":{"line":143,"column":58},"end":{"line":143,"column":73}},"49":{"start":{"line":145,"column":6},"end":{"line":148,"column":7}},"50":{"start":{"line":146,"column":8},"end":{"line":146,"column":110}},"51":{"start":{"line":147,"column":8},"end":{"line":147,"column":24}},"52":{"start":{"line":149,"column":6},"end":{"line":152,"column":7}},"53":{"start":{"line":150,"column":8},"end":{"line":150,"column":106}},"54":{"start":{"line":151,"column":8},"end":{"line":151,"column":24}},"55":{"start":{"line":155,"column":4},"end":{"line":175,"column":5}},"56":{"start":{"line":156,"column":6},"end":{"line":161,"column":8}},"57":{"start":{"line":162,"column":6},"end":{"line":162,"column":22}},"58":{"start":{"line":164,"column":29},"end":{"line":164,"column":80}},"59":{"start":{"line":164,"column":64},"end":{"line":164,"column":79}},"60":{"start":{"line":165,"column":26},"end":{"line":165,"column":77}},"61":{"start":{"line":165,"column":61},"end":{"line":165,"column":76}},"62":{"start":{"line":167,"column":6},"end":{"line":170,"column":7}},"63":{"start":{"line":168,"column":8},"end":{"line":168,"column":85}},"64":{"start":{"line":169,"column":8},"end":{"line":169,"column":24}},"65":{"start":{"line":171,"column":6},"end":{"line":174,"column":7}},"66":{"start":{"line":172,"column":8},"end":{"line":172,"column":81}},"67":{"start":{"line":173,"column":8},"end":{"line":173,"column":24}},"68":{"start":{"line":177,"column":4},"end":{"line":182,"column":5}},"69":{"start":{"line":178,"column":6},"end":{"line":178,"column":39}},"70":{"start":{"line":179,"column":6},"end":{"line":181,"column":9}},"71":{"start":{"line":180,"column":8},"end":{"line":180,"column":46}},"72":{"start":{"line":184,"column":4},"end":{"line":184,"column":23}},"73":{"start":{"line":188,"column":20},"end":{"line":188,"column":25}},"74":{"start":{"line":190,"column":4},"end":{"line":193,"column":5}},"75":{"start":{"line":191,"column":6},"end":{"line":191,"column":44}},"76":{"start":{"line":192,"column":6},"end":{"line":192,"column":23}},"77":{"start":{"line":194,"column":4},"end":{"line":197,"column":5}},"78":{"start":{"line":195,"column":6},"end":{"line":195,"column":48}},"79":{"start":{"line":196,"column":6},"end":{"line":196,"column":23}},"80":{"start":{"line":198,"column":4},"end":{"line":201,"column":5}},"81":{"start":{"line":199,"column":6},"end":{"line":199,"column":50}},"82":{"start":{"line":200,"column":6},"end":{"line":200,"column":23}},"83":{"start":{"line":202,"column":4},"end":{"line":205,"column":5}},"84":{"start":{"line":203,"column":6},"end":{"line":203,"column":64}},"85":{"start":{"line":204,"column":6},"end":{"line":204,"column":23}},"86":{"start":{"line":206,"column":4},"end":{"line":209,"column":5}},"87":{"start":{"line":207,"column":6},"end":{"line":207,"column":128}},"88":{"start":{"line":208,"column":6},"end":{"line":208,"column":23}},"89":{"start":{"line":210,"column":4},"end":{"line":218,"column":5}},"90":{"start":{"line":211,"column":6},"end":{"line":216,"column":8}},"91":{"start":{"line":217,"column":6},"end":{"line":217,"column":23}},"92":{"start":{"line":220,"column":4},"end":{"line":220,"column":18}},"93":{"start":{"line":224,"column":4},"end":{"line":240,"column":5}},"94":{"start":{"line":225,"column":21},"end":{"line":227,"column":8}},"95":{"start":{"line":229,"column":6},"end":{"line":234,"column":7}},"96":{"start":{"line":230,"column":8},"end":{"line":230,"column":31}},"97":{"start":{"line":231,"column":8},"end":{"line":231,"column":38}},"98":{"start":{"line":232,"column":8},"end":{"line":232,"column":36}},"99":{"start":{"line":233,"column":8},"end":{"line":233,"column":57}},"100":{"start":{"line":236,"column":6},"end":{"line":236,"column":18}},"101":{"start":{"line":238,"column":6},"end":{"line":238,"column":52}},"102":{"start":{"line":239,"column":6},"end":{"line":239,"column":46}},"103":{"start":{"line":244,"column":4},"end":{"line":260,"column":5}},"104":{"start":{"line":245,"column":21},"end":{"line":247,"column":8}},"105":{"start":{"line":249,"column":6},"end":{"line":254,"column":7}},"106":{"start":{"line":250,"column":8},"end":{"line":250,"column":29}},"107":{"start":{"line":251,"column":8},"end":{"line":251,"column":38}},"108":{"start":{"line":252,"column":8},"end":{"line":252,"column":36}},"109":{"start":{"line":253,"column":8},"end":{"line":253,"column":57}},"110":{"start":{"line":256,"column":6},"end":{"line":256,"column":18}},"111":{"start":{"line":258,"column":6},"end":{"line":258,"column":54}},"112":{"start":{"line":259,"column":6},"end":{"line":259,"column":48}},"113":{"start":{"line":264,"column":4},"end":{"line":280,"column":5}},"114":{"start":{"line":265,"column":21},"end":{"line":267,"column":8}},"115":{"start":{"line":269,"column":6},"end":{"line":274,"column":7}},"116":{"start":{"line":270,"column":8},"end":{"line":270,"column":37}},"117":{"start":{"line":271,"column":8},"end":{"line":271,"column":38}},"118":{"start":{"line":272,"column":8},"end":{"line":272,"column":36}},"119":{"start":{"line":273,"column":8},"end":{"line":273,"column":57}},"120":{"start":{"line":276,"column":6},"end":{"line":276,"column":18}},"121":{"start":{"line":278,"column":6},"end":{"line":278,"column":52}},"122":{"start":{"line":279,"column":6},"end":{"line":279,"column":46}},"123":{"start":{"line":284,"column":4},"end":{"line":300,"column":5}},"124":{"start":{"line":285,"column":21},"end":{"line":287,"column":8}},"125":{"start":{"line":289,"column":6},"end":{"line":294,"column":7}},"126":{"start":{"line":290,"column":8},"end":{"line":290,"column":45}},"127":{"start":{"line":291,"column":8},"end":{"line":291,"column":38}},"128":{"start":{"line":292,"column":8},"end":{"line":292,"column":36}},"129":{"start":{"line":293,"column":8},"end":{"line":293,"column":57}},"130":{"start":{"line":296,"column":6},"end":{"line":296,"column":18}},"131":{"start":{"line":298,"column":6},"end":{"line":298,"column":55}},"132":{"start":{"line":299,"column":6},"end":{"line":299,"column":49}},"133":{"start":{"line":304,"column":4},"end":{"line":320,"column":5}},"134":{"start":{"line":305,"column":21},"end":{"line":307,"column":8}},"135":{"start":{"line":309,"column":6},"end":{"line":314,"column":7}},"136":{"start":{"line":310,"column":8},"end":{"line":310,"column":33}},"137":{"start":{"line":311,"column":8},"end":{"line":311,"column":38}},"138":{"start":{"line":312,"column":8},"end":{"line":312,"column":36}},"139":{"start":{"line":313,"column":8},"end":{"line":313,"column":57}},"140":{"start":{"line":316,"column":6},"end":{"line":316,"column":18}},"141":{"start":{"line":318,"column":6},"end":{"line":318,"column":54}},"142":{"start":{"line":319,"column":6},"end":{"line":319,"column":48}},"143":{"start":{"line":324,"column":4},"end":{"line":340,"column":5}},"144":{"start":{"line":325,"column":21},"end":{"line":327,"column":8}},"145":{"start":{"line":329,"column":6},"end":{"line":334,"column":7}},"146":{"start":{"line":330,"column":8},"end":{"line":330,"column":35}},"147":{"start":{"line":331,"column":8},"end":{"line":331,"column":38}},"148":{"start":{"line":332,"column":8},"end":{"line":332,"column":36}},"149":{"start":{"line":333,"column":8},"end":{"line":333,"column":57}},"150":{"start":{"line":336,"column":6},"end":{"line":336,"column":18}},"151":{"start":{"line":338,"column":6},"end":{"line":338,"column":56}},"152":{"start":{"line":339,"column":6},"end":{"line":339,"column":50}},"153":{"start":{"line":344,"column":4},"end":{"line":360,"column":5}},"154":{"start":{"line":345,"column":21},"end":{"line":347,"column":8}},"155":{"start":{"line":349,"column":6},"end":{"line":354,"column":7}},"156":{"start":{"line":350,"column":8},"end":{"line":350,"column":49}},"157":{"start":{"line":351,"column":8},"end":{"line":351,"column":38}},"158":{"start":{"line":352,"column":8},"end":{"line":352,"column":36}},"159":{"start":{"line":353,"column":8},"end":{"line":353,"column":57}},"160":{"start":{"line":356,"column":6},"end":{"line":356,"column":18}},"161":{"start":{"line":358,"column":6},"end":{"line":358,"column":55}},"162":{"start":{"line":359,"column":6},"end":{"line":359,"column":49}},"163":{"start":{"line":364,"column":4},"end":{"line":371,"column":6}},"164":{"start":{"line":375,"column":4},"end":{"line":389,"column":5}},"165":{"start":{"line":376,"column":19},"end":{"line":378,"column":8}},"166":{"start":{"line":380,"column":6},"end":{"line":382,"column":7}},"167":{"start":{"line":381,"column":8},"end":{"line":381,"column":45}},"168":{"start":{"line":384,"column":26},"end":{"line":384,"column":59}},"169":{"start":{"line":385,"column":6},"end":{"line":385,"column":25}},"170":{"start":{"line":387,"column":6},"end":{"line":387,"column":52}},"171":{"start":{"line":388,"column":6},"end":{"line":388,"column":46}},"172":{"start":{"line":7,"column":13},"end":{"line":7,"column":27}},"173":{"start":{"line":7,"column":13},"end":{"line":391,"column":null}}},"fnMap":{"0":{"name":"(anonymous_4)","decl":{"start":{"line":10,"column":2},"end":{"line":10,"column":null}},"loc":{"start":{"line":12,"column":62},"end":{"line":13,"column":6}}},"1":{"name":"(anonymous_5)","decl":{"start":{"line":15,"column":10},"end":{"line":15,"column":25}},"loc":{"start":{"line":15,"column":25},"end":{"line":27,"column":3}}},"2":{"name":"(anonymous_6)","decl":{"start":{"line":29,"column":10},"end":{"line":29,"column":27}},"loc":{"start":{"line":29,"column":27},"end":{"line":36,"column":3}}},"3":{"name":"(anonymous_7)","decl":{"start":{"line":38,"column":10},"end":{"line":38,"column":28}},"loc":{"start":{"line":38,"column":28},"end":{"line":45,"column":3}}},"4":{"name":"(anonymous_8)","decl":{"start":{"line":47,"column":10},"end":{"line":47,"column":35}},"loc":{"start":{"line":47,"column":35},"end":{"line":53,"column":3}}},"5":{"name":"(anonymous_9)","decl":{"start":{"line":55,"column":2},"end":{"line":55,"column":7}},"loc":{"start":{"line":55,"column":39},"end":{"line":92,"column":3}}},"6":{"name":"(anonymous_10)","decl":{"start":{"line":94,"column":10},"end":{"line":94,"column":30}},"loc":{"start":{"line":94,"column":52},"end":{"line":185,"column":3}}},"7":{"name":"(anonymous_11)","decl":{"start":{"line":142,"column":53},"end":{"line":142,"column":57}},"loc":{"start":{"line":142,"column":61},"end":{"line":142,"column":76}}},"8":{"name":"(anonymous_12)","decl":{"start":{"line":143,"column":50},"end":{"line":143,"column":54}},"loc":{"start":{"line":143,"column":58},"end":{"line":143,"column":73}}},"9":{"name":"(anonymous_13)","decl":{"start":{"line":164,"column":56},"end":{"line":164,"column":60}},"loc":{"start":{"line":164,"column":64},"end":{"line":164,"column":79}}},"10":{"name":"(anonymous_14)","decl":{"start":{"line":165,"column":53},"end":{"line":165,"column":57}},"loc":{"start":{"line":165,"column":61},"end":{"line":165,"column":76}}},"11":{"name":"(anonymous_15)","decl":{"start":{"line":179,"column":59},"end":{"line":179,"column":62}},"loc":{"start":{"line":179,"column":65},"end":{"line":181,"column":7}}},"12":{"name":"(anonymous_16)","decl":{"start":{"line":187,"column":10},"end":{"line":187,"column":24}},"loc":{"start":{"line":187,"column":46},"end":{"line":221,"column":3}}},"13":{"name":"(anonymous_17)","decl":{"start":{"line":223,"column":2},"end":{"line":223,"column":7}},"loc":{"start":{"line":223,"column":147},"end":{"line":241,"column":3}}},"14":{"name":"(anonymous_18)","decl":{"start":{"line":243,"column":2},"end":{"line":243,"column":7}},"loc":{"start":{"line":243,"column":52},"end":{"line":261,"column":3}}},"15":{"name":"(anonymous_19)","decl":{"start":{"line":263,"column":2},"end":{"line":263,"column":7}},"loc":{"start":{"line":263,"column":55},"end":{"line":281,"column":3}}},"16":{"name":"(anonymous_20)","decl":{"start":{"line":283,"column":2},"end":{"line":283,"column":7}},"loc":{"start":{"line":283,"column":60},"end":{"line":301,"column":3}}},"17":{"name":"(anonymous_21)","decl":{"start":{"line":303,"column":2},"end":{"line":303,"column":7}},"loc":{"start":{"line":303,"column":64},"end":{"line":321,"column":3}}},"18":{"name":"(anonymous_22)","decl":{"start":{"line":323,"column":2},"end":{"line":323,"column":7}},"loc":{"start":{"line":323,"column":67},"end":{"line":341,"column":3}}},"19":{"name":"(anonymous_23)","decl":{"start":{"line":343,"column":2},"end":{"line":343,"column":7}},"loc":{"start":{"line":343,"column":88},"end":{"line":361,"column":3}}},"20":{"name":"(anonymous_24)","decl":{"start":{"line":363,"column":2},"end":{"line":363,"column":17}},"loc":{"start":{"line":363,"column":17},"end":{"line":372,"column":3}}},"21":{"name":"(anonymous_25)","decl":{"start":{"line":374,"column":2},"end":{"line":374,"column":7}},"loc":{"start":{"line":374,"column":35},"end":{"line":390,"column":3}}}},"branchMap":{"0":{"loc":{"start":{"line":61,"column":6},"end":{"line":85,"column":7}},"type":"if","locations":[{"start":{"line":61,"column":6},"end":{"line":85,"column":7}}]},"1":{"loc":{"start":{"line":98,"column":4},"end":{"line":110,"column":5}},"type":"if","locations":[{"start":{"line":98,"column":4},"end":{"line":110,"column":5}},{"start":{"line":101,"column":11},"end":{"line":110,"column":5}}]},"2":{"loc":{"start":{"line":98,"column":8},"end":{"line":98,"column":67}},"type":"binary-expr","locations":[{"start":{"line":98,"column":8},"end":{"line":98,"column":26}},{"start":{"line":98,"column":30},"end":{"line":98,"column":67}}]},"3":{"loc":{"start":{"line":102,"column":6},"end":{"line":105,"column":7}},"type":"if","locations":[{"start":{"line":102,"column":6},"end":{"line":105,"column":7}}]},"4":{"loc":{"start":{"line":106,"column":6},"end":{"line":109,"column":7}},"type":"if","locations":[{"start":{"line":106,"column":6},"end":{"line":109,"column":7}}]},"5":{"loc":{"start":{"line":106,"column":10},"end":{"line":106,"column":97}},"type":"binary-expr","locations":[{"start":{"line":106,"column":10},"end":{"line":106,"column":42}},{"start":{"line":106,"column":46},"end":{"line":106,"column":97}}]},"6":{"loc":{"start":{"line":112,"column":4},"end":{"line":115,"column":5}},"type":"if","locations":[{"start":{"line":112,"column":4},"end":{"line":115,"column":5}}]},"7":{"loc":{"start":{"line":112,"column":8},"end":{"line":112,"column":71}},"type":"binary-expr","locations":[{"start":{"line":112,"column":8},"end":{"line":112,"column":28}},{"start":{"line":112,"column":32},"end":{"line":112,"column":71}}]},"8":{"loc":{"start":{"line":117,"column":4},"end":{"line":120,"column":5}},"type":"if","locations":[{"start":{"line":117,"column":4},"end":{"line":120,"column":5}}]},"9":{"loc":{"start":{"line":117,"column":8},"end":{"line":117,"column":73}},"type":"binary-expr","locations":[{"start":{"line":117,"column":8},"end":{"line":117,"column":29}},{"start":{"line":117,"column":33},"end":{"line":117,"column":73}}]},"10":{"loc":{"start":{"line":122,"column":4},"end":{"line":125,"column":5}},"type":"if","locations":[{"start":{"line":122,"column":4},"end":{"line":125,"column":5}}]},"11":{"loc":{"start":{"line":122,"column":8},"end":{"line":122,"column":87}},"type":"binary-expr","locations":[{"start":{"line":122,"column":8},"end":{"line":122,"column":36}},{"start":{"line":122,"column":40},"end":{"line":122,"column":87}}]},"12":{"loc":{"start":{"line":127,"column":4},"end":{"line":130,"column":5}},"type":"if","locations":[{"start":{"line":127,"column":4},"end":{"line":130,"column":5}}]},"13":{"loc":{"start":{"line":127,"column":8},"end":{"line":127,"column":83}},"type":"binary-expr","locations":[{"start":{"line":127,"column":8},"end":{"line":127,"column":34}},{"start":{"line":127,"column":38},"end":{"line":127,"column":83}}]},"14":{"loc":{"start":{"line":132,"column":4},"end":{"line":153,"column":5}},"type":"if","locations":[{"start":{"line":132,"column":4},"end":{"line":153,"column":5}},{"start":{"line":141,"column":11},"end":{"line":153,"column":5}}]},"15":{"loc":{"start":{"line":132,"column":8},"end":{"line":132,"column":98}},"type":"binary-expr","locations":[{"start":{"line":132,"column":8},"end":{"line":132,"column":27}},{"start":{"line":132,"column":31},"end":{"line":132,"column":65}},{"start":{"line":132,"column":69},"end":{"line":132,"column":98}}]},"16":{"loc":{"start":{"line":145,"column":6},"end":{"line":148,"column":7}},"type":"if","locations":[{"start":{"line":145,"column":6},"end":{"line":148,"column":7}}]},"17":{"loc":{"start":{"line":149,"column":6},"end":{"line":152,"column":7}},"type":"if","locations":[{"start":{"line":149,"column":6},"end":{"line":152,"column":7}}]},"18":{"loc":{"start":{"line":155,"column":4},"end":{"line":175,"column":5}},"type":"if","locations":[{"start":{"line":155,"column":4},"end":{"line":175,"column":5}},{"start":{"line":163,"column":11},"end":{"line":175,"column":5}}]},"19":{"loc":{"start":{"line":155,"column":8},"end":{"line":155,"column":107}},"type":"binary-expr","locations":[{"start":{"line":155,"column":8},"end":{"line":155,"column":30}},{"start":{"line":155,"column":34},"end":{"line":155,"column":71}},{"start":{"line":155,"column":75},"end":{"line":155,"column":107}}]},"20":{"loc":{"start":{"line":167,"column":6},"end":{"line":170,"column":7}},"type":"if","locations":[{"start":{"line":167,"column":6},"end":{"line":170,"column":7}}]},"21":{"loc":{"start":{"line":171,"column":6},"end":{"line":174,"column":7}},"type":"if","locations":[{"start":{"line":171,"column":6},"end":{"line":174,"column":7}}]},"22":{"loc":{"start":{"line":177,"column":4},"end":{"line":182,"column":5}},"type":"if","locations":[{"start":{"line":177,"column":4},"end":{"line":182,"column":5}}]},"23":{"loc":{"start":{"line":190,"column":4},"end":{"line":193,"column":5}},"type":"if","locations":[{"start":{"line":190,"column":4},"end":{"line":193,"column":5}}]},"24":{"loc":{"start":{"line":194,"column":4},"end":{"line":197,"column":5}},"type":"if","locations":[{"start":{"line":194,"column":4},"end":{"line":197,"column":5}}]},"25":{"loc":{"start":{"line":198,"column":4},"end":{"line":201,"column":5}},"type":"if","locations":[{"start":{"line":198,"column":4},"end":{"line":201,"column":5}}]},"26":{"loc":{"start":{"line":202,"column":4},"end":{"line":205,"column":5}},"type":"if","locations":[{"start":{"line":202,"column":4},"end":{"line":205,"column":5}}]},"27":{"loc":{"start":{"line":206,"column":4},"end":{"line":209,"column":5}},"type":"if","locations":[{"start":{"line":206,"column":4},"end":{"line":209,"column":5}}]},"28":{"loc":{"start":{"line":210,"column":4},"end":{"line":218,"column":5}},"type":"if","locations":[{"start":{"line":210,"column":4},"end":{"line":218,"column":5}}]},"29":{"loc":{"start":{"line":210,"column":8},"end":{"line":210,"column":94}},"type":"binary-expr","locations":[{"start":{"line":210,"column":8},"end":{"line":210,"column":25}},{"start":{"line":210,"column":29},"end":{"line":210,"column":61}},{"start":{"line":210,"column":65},"end":{"line":210,"column":94}}]},"30":{"loc":{"start":{"line":229,"column":6},"end":{"line":234,"column":7}},"type":"if","locations":[{"start":{"line":229,"column":6},"end":{"line":234,"column":7}}]},"31":{"loc":{"start":{"line":249,"column":6},"end":{"line":254,"column":7}},"type":"if","locations":[{"start":{"line":249,"column":6},"end":{"line":254,"column":7}}]},"32":{"loc":{"start":{"line":269,"column":6},"end":{"line":274,"column":7}},"type":"if","locations":[{"start":{"line":269,"column":6},"end":{"line":274,"column":7}}]},"33":{"loc":{"start":{"line":289,"column":6},"end":{"line":294,"column":7}},"type":"if","locations":[{"start":{"line":289,"column":6},"end":{"line":294,"column":7}}]},"34":{"loc":{"start":{"line":309,"column":6},"end":{"line":314,"column":7}},"type":"if","locations":[{"start":{"line":309,"column":6},"end":{"line":314,"column":7}}]},"35":{"loc":{"start":{"line":329,"column":6},"end":{"line":334,"column":7}},"type":"if","locations":[{"start":{"line":329,"column":6},"end":{"line":334,"column":7}}]},"36":{"loc":{"start":{"line":349,"column":6},"end":{"line":354,"column":7}},"type":"if","locations":[{"start":{"line":349,"column":6},"end":{"line":354,"column":7}}]},"37":{"loc":{"start":{"line":380,"column":6},"end":{"line":382,"column":7}},"type":"if","locations":[{"start":{"line":380,"column":6},"end":{"line":382,"column":7}}]}},"s":{"0":0,"1":0,"2":0,"3":0,"4":0,"5":0,"6":0,"7":0,"8":0,"9":0,"10":0,"11":0,"12":0,"13":0,"14":0,"15":0,"16":0,"17":0,"18":0,"19":0,"20":0,"21":0,"22":0,"23":0,"24":0,"25":0,"26":0,"27":0,"28":0,"29":0,"30":0,"31":0,"32":0,"33":0,"34":0,"35":0,"36":0,"37":0,"38":0,"39":0,"40":0,"41":0,"42":0,"43":0,"44":0,"45":0,"46":0,"47":0,"48":0,"49":0,"50":0,"51":0,"52":0,"53":0,"54":0,"55":0,"56":0,"57":0,"58":0,"59":0,"60":0,"61":0,"62":0,"63":0,"64":0,"65":0,"66":0,"67":0,"68":0,"69":0,"70":0,"71":0,"72":0,"73":0,"74":0,"75":0,"76":0,"77":0,"78":0,"79":0,"80":0,"81":0,"82":0,"83":0,"84":0,"85":0,"86":0,"87":0,"88":0,"89":0,"90":0,"91":0,"92":0,"93":0,"94":0,"95":0,"96":0,"97":0,"98":0,"99":0,"100":0,"101":0,"102":0,"103":0,"104":0,"105":0,"106":0,"107":0,"108":0,"109":0,"110":0,"111":0,"112":0,"113":0,"114":0,"115":0,"116":0,"117":0,"118":0,"119":0,"120":0,"121":0,"122":0,"123":0,"124":0,"125":0,"126":0,"127":0,"128":0,"129":0,"130":0,"131":0,"132":0,"133":0,"134":0,"135":0,"136":0,"137":0,"138":0,"139":0,"140":0,"141":0,"142":0,"143":0,"144":0,"145":0,"146":0,"147":0,"148":0,"149":0,"150":0,"151":0,"152":0,"153":0,"154":0,"155":0,"156":0,"157":0,"158":0,"159":0,"160":0,"161":0,"162":0,"163":0,"164":0,"165":0,"166":0,"167":0,"168":0,"169":0,"170":0,"171":0,"172":0,"173":0},"f":{"0":0,"1":0,"2":0,"3":0,"4":0,"5":0,"6":0,"7":0,"8":0,"9":0,"10":0,"11":0,"12":0,"13":0,"14":0,"15":0,"16":0,"17":0,"18":0,"19":0,"20":0,"21":0},"b":{"0":[0],"1":[0,0],"2":[0,0],"3":[0],"4":[0],"5":[0,0],"6":[0],"7":[0,0],"8":[0],"9":[0,0],"10":[0],"11":[0,0],"12":[0],"13":[0,0],"14":[0,0],"15":[0,0,0],"16":[0],"17":[0],"18":[0,0],"19":[0,0,0],"20":[0],"21":[0],"22":[0],"23":[0],"24":[0],"25":[0],"26":[0],"27":[0],"28":[0],"29":[0,0,0],"30":[0],"31":[0],"32":[0],"33":[0],"34":[0],"35":[0],"36":[0],"37":[0]}}
,"D:\\projects\\dogfooding4\\backend\\src\\entities\\app-data.entity.ts": {"path":"D:\\projects\\dogfooding4\\backend\\src\\entities\\app-data.entity.ts","statementMap":{"0":{"start":{"line":1,"column":0},"end":{"line":1,"column":124}},"1":{"start":{"line":2,"column":0},"end":{"line":2,"column":37}},"2":{"start":{"line":5,"column":7},"end":{"line":33,"column":null}},"3":{"start":{"line":5,"column":13},"end":{"line":5,"column":20}},"4":{"start":{"line":7,"column":2},"end":{"line":7,"column":null}},"5":{"start":{"line":10,"column":2},"end":{"line":10,"column":null}},"6":{"start":{"line":13,"column":2},"end":{"line":13,"column":null}},"7":{"start":{"line":16,"column":2},"end":{"line":16,"column":null}},"8":{"start":{"line":19,"column":2},"end":{"line":19,"column":null}},"9":{"start":{"line":22,"column":2},"end":{"line":22,"column":null}},"10":{"start":{"line":26,"column":2},"end":{"line":26,"column":null}},"11":{"start":{"line":24,"column":19},"end":{"line":24,"column":23}},"12":{"start":{"line":29,"column":2},"end":{"line":29,"column":null}},"13":{"start":{"line":32,"column":2},"end":{"line":32,"column":null}},"14":{"start":{"line":5,"column":13},"end":{"line":33,"column":null}}},"fnMap":{"0":{"name":"(anonymous_2)","decl":{"start":{"line":24,"column":13},"end":{"line":24,"column":16}},"loc":{"start":{"line":24,"column":19},"end":{"line":24,"column":23}}}},"branchMap":{},"s":{"0":0,"1":0,"2":0,"3":0,"4":0,"5":0,"6":0,"7":0,"8":0,"9":0,"10":0,"11":0,"12":0,"13":0,"14":0},"f":{"0":0},"b":{}}
,"D:\\projects\\dogfooding4\\backend\\src\\entities\\desktop-config.entity.ts": {"path":"D:\\projects\\dogfooding4\\backend\\src\\entities\\desktop-config.entity.ts","statementMap":{"0":{"start":{"line":1,"column":0},"end":{"line":1,"column":87}},"1":{"start":{"line":2,"column":0},"end":{"line":2,"column":37}},"2":{"start":{"line":39,"column":7},"end":{"line":93,"column":null}},"3":{"start":{"line":39,"column":13},"end":{"line":39,"column":26}},"4":{"start":{"line":41,"column":2},"end":{"line":41,"column":null}},"5":{"start":{"line":44,"column":2},"end":{"line":51,"column":null}},"6":{"start":{"line":54,"column":2},"end":{"line":54,"column":null}},"7":{"start":{"line":57,"column":2},"end":{"line":63,"column":null}},"8":{"start":{"line":66,"column":2},"end":{"line":70,"column":null}},"9":{"start":{"line":73,"column":2},"end":{"line":73,"column":null}},"10":{"start":{"line":76,"column":2},"end":{"line":76,"column":null}},"11":{"start":{"line":79,"column":2},"end":{"line":79,"column":null}},"12":{"start":{"line":82,"column":2},"end":{"line":82,"column":null}},"13":{"start":{"line":85,"column":2},"end":{"line":85,"column":null}},"14":{"start":{"line":84,"column":45},"end":{"line":84,"column":64}},"15":{"start":{"line":88,"column":2},"end":{"line":88,"column":null}},"16":{"start":{"line":87,"column":45},"end":{"line":87,"column":64}},"17":{"start":{"line":92,"column":2},"end":{"line":92,"column":null}},"18":{"start":{"line":90,"column":18},"end":{"line":90,"column":22}},"19":{"start":{"line":90,"column":34},"end":{"line":90,"column":52}},"20":{"start":{"line":39,"column":13},"end":{"line":93,"column":null}}},"fnMap":{"0":{"name":"(anonymous_2)","decl":{"start":{"line":84,"column":39},"end":{"line":84,"column":42}},"loc":{"start":{"line":84,"column":45},"end":{"line":84,"column":64}}},"1":{"name":"(anonymous_3)","decl":{"start":{"line":87,"column":39},"end":{"line":87,"column":42}},"loc":{"start":{"line":87,"column":45},"end":{"line":87,"column":64}}},"2":{"name":"(anonymous_4)","decl":{"start":{"line":90,"column":12},"end":{"line":90,"column":15}},"loc":{"start":{"line":90,"column":18},"end":{"line":90,"column":22}}},"3":{"name":"(anonymous_5)","decl":{"start":{"line":90,"column":24},"end":{"line":90,"column":25}},"loc":{"start":{"line":90,"column":34},"end":{"line":90,"column":52}}}},"branchMap":{},"s":{"0":0,"1":0,"2":0,"3":0,"4":0,"5":0,"6":0,"7":0,"8":0,"9":0,"10":0,"11":0,"12":0,"13":0,"14":0,"15":0,"16":0,"17":0,"18":0,"19":0,"20":0},"f":{"0":0,"1":0,"2":0,"3":0},"b":{}}
,"D:\\projects\\dogfooding4\\backend\\src\\entities\\file-lock.entity.ts": {"path":"D:\\projects\\dogfooding4\\backend\\src\\entities\\file-lock.entity.ts","statementMap":{"0":{"start":{"line":1,"column":0},"end":{"line":1,"column":90}},"1":{"start":{"line":4,"column":7},"end":{"line":23,"column":null}},"2":{"start":{"line":4,"column":13},"end":{"line":4,"column":21}},"3":{"start":{"line":6,"column":2},"end":{"line":6,"column":null}},"4":{"start":{"line":10,"column":2},"end":{"line":10,"column":null}},"5":{"start":{"line":13,"column":2},"end":{"line":13,"column":null}},"6":{"start":{"line":16,"column":2},"end":{"line":16,"column":null}},"7":{"start":{"line":19,"column":2},"end":{"line":19,"column":null}},"8":{"start":{"line":22,"column":2},"end":{"line":22,"column":null}},"9":{"start":{"line":4,"column":13},"end":{"line":23,"column":null}}},"fnMap":{},"branchMap":{},"s":{"0":0,"1":0,"2":0,"3":0,"4":0,"5":0,"6":0,"7":0,"8":0,"9":0},"f":{},"b":{}}
,"D:\\projects\\dogfooding4\\backend\\src\\entities\\file.entity.ts": {"path":"D:\\projects\\dogfooding4\\backend\\src\\entities\\file.entity.ts","statementMap":{"0":{"start":{"line":1,"column":0},"end":{"line":1,"column":131}},"1":{"start":{"line":2,"column":0},"end":{"line":2,"column":37}},"2":{"start":{"line":5,"column":7},"end":{"line":51,"column":null}},"3":{"start":{"line":5,"column":13},"end":{"line":5,"column":21}},"4":{"start":{"line":7,"column":2},"end":{"line":7,"column":null}},"5":{"start":{"line":10,"column":2},"end":{"line":10,"column":null}},"6":{"start":{"line":16,"column":2},"end":{"line":16,"column":null}},"7":{"start":{"line":19,"column":2},"end":{"line":19,"column":null}},"8":{"start":{"line":22,"column":2},"end":{"line":22,"column":null}},"9":{"start":{"line":25,"column":2},"end":{"line":25,"column":null}},"10":{"start":{"line":28,"column":2},"end":{"line":28,"column":null}},"11":{"start":{"line":31,"column":2},"end":{"line":31,"column":null}},"12":{"start":{"line":35,"column":2},"end":{"line":35,"column":null}},"13":{"start":{"line":33,"column":19},"end":{"line":33,"column":23}},"14":{"start":{"line":38,"column":2},"end":{"line":38,"column":null}},"15":{"start":{"line":41,"column":2},"end":{"line":41,"column":null}},"16":{"start":{"line":44,"column":2},"end":{"line":44,"column":null}},"17":{"start":{"line":47,"column":2},"end":{"line":47,"column":null}},"18":{"start":{"line":50,"column":2},"end":{"line":50,"column":null}},"19":{"start":{"line":5,"column":13},"end":{"line":51,"column":null}}},"fnMap":{"0":{"name":"(anonymous_2)","decl":{"start":{"line":33,"column":13},"end":{"line":33,"column":16}},"loc":{"start":{"line":33,"column":19},"end":{"line":33,"column":23}}}},"branchMap":{},"s":{"0":0,"1":0,"2":0,"3":0,"4":0,"5":0,"6":0,"7":0,"8":0,"9":0,"10":0,"11":0,"12":0,"13":0,"14":0,"15":0,"16":0,"17":0,"18":0,"19":0},"f":{"0":0},"b":{}}
,"D:\\projects\\dogfooding4\\backend\\src\\entities\\notification.entity.ts": {"path":"D:\\projects\\dogfooding4\\backend\\src\\entities\\notification.entity.ts","statementMap":{"0":{"start":{"line":1,"column":0},"end":{"line":1,"column":88}},"1":{"start":{"line":2,"column":0},"end":{"line":2,"column":37}},"2":{"start":{"line":8,"column":7},"end":{"line":50,"column":null}},"3":{"start":{"line":8,"column":13},"end":{"line":8,"column":25}},"4":{"start":{"line":10,"column":2},"end":{"line":10,"column":null}},"5":{"start":{"line":13,"column":2},"end":{"line":13,"column":null}},"6":{"start":{"line":16,"column":2},"end":{"line":16,"column":null}},"7":{"start":{"line":23,"column":2},"end":{"line":23,"column":null}},"8":{"start":{"line":30,"column":2},"end":{"line":30,"column":null}},"9":{"start":{"line":33,"column":2},"end":{"line":33,"column":null}},"10":{"start":{"line":36,"column":2},"end":{"line":39,"column":null}},"11":{"start":{"line":42,"column":2},"end":{"line":42,"column":null}},"12":{"start":{"line":41,"column":45},"end":{"line":41,"column":64}},"13":{"start":{"line":45,"column":2},"end":{"line":45,"column":null}},"14":{"start":{"line":49,"column":2},"end":{"line":49,"column":null}},"15":{"start":{"line":47,"column":19},"end":{"line":47,"column":23}},"16":{"start":{"line":8,"column":13},"end":{"line":50,"column":null}}},"fnMap":{"0":{"name":"(anonymous_2)","decl":{"start":{"line":41,"column":39},"end":{"line":41,"column":42}},"loc":{"start":{"line":41,"column":45},"end":{"line":41,"column":64}}},"1":{"name":"(anonymous_3)","decl":{"start":{"line":47,"column":13},"end":{"line":47,"column":16}},"loc":{"start":{"line":47,"column":19},"end":{"line":47,"column":23}}}},"branchMap":{},"s":{"0":0,"1":0,"2":0,"3":0,"4":0,"5":0,"6":0,"7":0,"8":0,"9":0,"10":0,"11":0,"12":0,"13":0,"14":0,"15":0,"16":0},"f":{"0":0,"1":0},"b":{}}
,"D:\\projects\\dogfooding4\\backend\\src\\entities\\user.entity.ts": {"path":"D:\\projects\\dogfooding4\\backend\\src\\entities\\user.entity.ts","statementMap":{"0":{"start":{"line":1,"column":0},"end":{"line":1,"column":93}},"1":{"start":{"line":2,"column":0},"end":{"line":2,"column":56}},"2":{"start":{"line":5,"column":7},"end":{"line":20,"column":null}},"3":{"start":{"line":5,"column":13},"end":{"line":5,"column":17}},"4":{"start":{"line":7,"column":2},"end":{"line":7,"column":null}},"5":{"start":{"line":10,"column":2},"end":{"line":10,"column":null}},"6":{"start":{"line":13,"column":2},"end":{"line":13,"column":null}},"7":{"start":{"line":16,"column":2},"end":{"line":16,"column":null}},"8":{"start":{"line":19,"column":2},"end":{"line":19,"column":null}},"9":{"start":{"line":18,"column":18},"end":{"line":18,"column":31}},"10":{"start":{"line":18,"column":45},"end":{"line":18,"column":56}},"11":{"start":{"line":5,"column":13},"end":{"line":20,"column":null}}},"fnMap":{"0":{"name":"(anonymous_2)","decl":{"start":{"line":18,"column":12},"end":{"line":18,"column":15}},"loc":{"start":{"line":18,"column":18},"end":{"line":18,"column":31}}},"1":{"name":"(anonymous_3)","decl":{"start":{"line":18,"column":33},"end":{"line":18,"column":34}},"loc":{"start":{"line":18,"column":45},"end":{"line":18,"column":56}}}},"branchMap":{},"s":{"0":0,"1":0,"2":0,"3":0,"4":0,"5":0,"6":0,"7":0,"8":0,"9":0,"10":0,"11":0},"f":{"0":0,"1":0},"b":{}}
,"D:\\projects\\dogfooding4\\backend\\src\\entities\\window-state.entity.ts": {"path":"D:\\projects\\dogfooding4\\backend\\src\\entities\\window-state.entity.ts","statementMap":{"0":{"start":{"line":1,"column":0},"end":{"line":1,"column":124}},"1":{"start":{"line":2,"column":0},"end":{"line":2,"column":37}},"2":{"start":{"line":5,"column":7},"end":{"line":54,"column":null}},"3":{"start":{"line":5,"column":13},"end":{"line":5,"column":24}},"4":{"start":{"line":7,"column":2},"end":{"line":7,"column":null}},"5":{"start":{"line":10,"column":2},"end":{"line":10,"column":null}},"6":{"start":{"line":13,"column":2},"end":{"line":13,"column":null}},"7":{"start":{"line":16,"column":2},"end":{"line":16,"column":null}},"8":{"start":{"line":19,"column":2},"end":{"line":19,"column":null}},"9":{"start":{"line":22,"column":2},"end":{"line":22,"column":null}},"10":{"start":{"line":25,"column":2},"end":{"line":25,"column":null}},"11":{"start":{"line":28,"column":2},"end":{"line":28,"column":null}},"12":{"start":{"line":31,"column":2},"end":{"line":31,"column":null}},"13":{"start":{"line":34,"column":2},"end":{"line":34,"column":null}},"14":{"start":{"line":37,"column":2},"end":{"line":37,"column":null}},"15":{"start":{"line":40,"column":2},"end":{"line":40,"column":null}},"16":{"start":{"line":43,"column":2},"end":{"line":43,"column":null}},"17":{"start":{"line":47,"column":2},"end":{"line":47,"column":null}},"18":{"start":{"line":45,"column":19},"end":{"line":45,"column":23}},"19":{"start":{"line":50,"column":2},"end":{"line":50,"column":null}},"20":{"start":{"line":53,"column":2},"end":{"line":53,"column":null}},"21":{"start":{"line":5,"column":13},"end":{"line":54,"column":null}}},"fnMap":{"0":{"name":"(anonymous_2)","decl":{"start":{"line":45,"column":13},"end":{"line":45,"column":16}},"loc":{"start":{"line":45,"column":19},"end":{"line":45,"column":23}}}},"branchMap":{},"s":{"0":0,"1":0,"2":0,"3":0,"4":0,"5":0,"6":0,"7":0,"8":0,"9":0,"10":0,"11":0,"12":0,"13":0,"14":0,"15":0,"16":0,"17":0,"18":0,"19":0,"20":0,"21":0},"f":{"0":0},"b":{}}
,"D:\\projects\\dogfooding4\\backend\\src\\files\\files.controller.ts": {"path":"D:\\projects\\dogfooding4\\backend\\src\\files\\files.controller.ts","statementMap":{"0":{"start":{"line":1,"column":0},"end":{"line":1,"column":108}},"1":{"start":{"line":2,"column":0},"end":{"line":2,"column":47}},"2":{"start":{"line":3,"column":0},"end":{"line":3,"column":159}},"3":{"start":{"line":4,"column":0},"end":{"line":4,"column":54}},"4":{"start":{"line":8,"column":7},"end":{"line":112,"column":null}},"5":{"start":{"line":9,"column":31},"end":{"line":9,"column":45}},"6":{"start":{"line":18,"column":24},"end":{"line":18,"column":64}},"7":{"start":{"line":19,"column":4},"end":{"line":19,"column":90}},"8":{"start":{"line":24,"column":4},"end":{"line":24,"column":55}},"9":{"start":{"line":29,"column":4},"end":{"line":29,"column":57}},"10":{"start":{"line":34,"column":4},"end":{"line":34,"column":78}},"11":{"start":{"line":39,"column":4},"end":{"line":39,"column":76}},"12":{"start":{"line":44,"column":4},"end":{"line":44,"column":76}},"13":{"start":{"line":49,"column":4},"end":{"line":49,"column":72}},"14":{"start":{"line":54,"column":4},"end":{"line":54,"column":71}},"15":{"start":{"line":63,"column":24},"end":{"line":63,"column":64}},"16":{"start":{"line":64,"column":4},"end":{"line":64,"column":99}},"17":{"start":{"line":73,"column":4},"end":{"line":73,"column":90}},"18":{"start":{"line":82,"column":4},"end":{"line":82,"column":86}},"19":{"start":{"line":91,"column":4},"end":{"line":91,"column":86}},"20":{"start":{"line":96,"column":4},"end":{"line":96,"column":76}},"21":{"start":{"line":105,"column":4},"end":{"line":105,"column":108}},"22":{"start":{"line":110,"column":4},"end":{"line":110,"column":82}},"23":{"start":{"line":8,"column":13},"end":{"line":8,"column":28}},"24":{"start":{"line":12,"column":8},"end":{"line":20,"column":null}},"25":{"start":{"line":23,"column":8},"end":{"line":25,"column":null}},"26":{"start":{"line":28,"column":8},"end":{"line":30,"column":null}},"27":{"start":{"line":33,"column":8},"end":{"line":35,"column":null}},"28":{"start":{"line":38,"column":8},"end":{"line":40,"column":null}},"29":{"start":{"line":43,"column":8},"end":{"line":45,"column":null}},"30":{"start":{"line":48,"column":8},"end":{"line":50,"column":null}},"31":{"start":{"line":53,"column":8},"end":{"line":55,"column":null}},"32":{"start":{"line":58,"column":8},"end":{"line":65,"column":null}},"33":{"start":{"line":68,"column":8},"end":{"line":74,"column":null}},"34":{"start":{"line":77,"column":8},"end":{"line":83,"column":null}},"35":{"start":{"line":86,"column":8},"end":{"line":92,"column":null}},"36":{"start":{"line":95,"column":8},"end":{"line":97,"column":null}},"37":{"start":{"line":100,"column":8},"end":{"line":106,"column":null}},"38":{"start":{"line":109,"column":8},"end":{"line":111,"column":null}},"39":{"start":{"line":8,"column":13},"end":{"line":112,"column":null}}},"fnMap":{"0":{"name":"(anonymous_4)","decl":{"start":{"line":9,"column":2},"end":{"line":9,"column":31}},"loc":{"start":{"line":9,"column":57},"end":{"line":9,"column":61}}},"1":{"name":"(anonymous_5)","decl":{"start":{"line":12,"column":2},"end":{"line":12,"column":7}},"loc":{"start":{"line":16,"column":45},"end":{"line":20,"column":3}}},"2":{"name":"(anonymous_6)","decl":{"start":{"line":23,"column":2},"end":{"line":23,"column":7}},"loc":{"start":{"line":23,"column":36},"end":{"line":25,"column":3}}},"3":{"name":"(anonymous_7)","decl":{"start":{"line":28,"column":2},"end":{"line":28,"column":7}},"loc":{"start":{"line":28,"column":38},"end":{"line":30,"column":3}}},"4":{"name":"(anonymous_8)","decl":{"start":{"line":33,"column":2},"end":{"line":33,"column":7}},"loc":{"start":{"line":33,"column":76},"end":{"line":35,"column":3}}},"5":{"name":"(anonymous_9)","decl":{"start":{"line":38,"column":2},"end":{"line":38,"column":7}},"loc":{"start":{"line":38,"column":64},"end":{"line":40,"column":3}}},"6":{"name":"(anonymous_10)","decl":{"start":{"line":43,"column":2},"end":{"line":43,"column":7}},"loc":{"start":{"line":43,"column":60},"end":{"line":45,"column":3}}},"7":{"name":"(anonymous_11)","decl":{"start":{"line":48,"column":2},"end":{"line":48,"column":7}},"loc":{"start":{"line":48,"column":76},"end":{"line":50,"column":3}}},"8":{"name":"(anonymous_12)","decl":{"start":{"line":53,"column":2},"end":{"line":53,"column":7}},"loc":{"start":{"line":53,"column":79},"end":{"line":55,"column":3}}},"9":{"name":"(anonymous_13)","decl":{"start":{"line":58,"column":2},"end":{"line":58,"column":7}},"loc":{"start":{"line":61,"column":40},"end":{"line":65,"column":3}}},"10":{"name":"(anonymous_14)","decl":{"start":{"line":68,"column":2},"end":{"line":68,"column":7}},"loc":{"start":{"line":71,"column":40},"end":{"line":74,"column":3}}},"11":{"name":"(anonymous_15)","decl":{"start":{"line":77,"column":2},"end":{"line":77,"column":7}},"loc":{"start":{"line":80,"column":36},"end":{"line":83,"column":3}}},"12":{"name":"(anonymous_16)","decl":{"start":{"line":86,"column":2},"end":{"line":86,"column":7}},"loc":{"start":{"line":89,"column":36},"end":{"line":92,"column":3}}},"13":{"name":"(anonymous_17)","decl":{"start":{"line":95,"column":2},"end":{"line":95,"column":7}},"loc":{"start":{"line":95,"column":64},"end":{"line":97,"column":3}}},"14":{"name":"(anonymous_18)","decl":{"start":{"line":100,"column":2},"end":{"line":100,"column":7}},"loc":{"start":{"line":103,"column":38},"end":{"line":106,"column":3}}},"15":{"name":"(anonymous_19)","decl":{"start":{"line":109,"column":2},"end":{"line":109,"column":7}},"loc":{"start":{"line":109,"column":70},"end":{"line":111,"column":3}}}},"branchMap":{"0":{"loc":{"start":{"line":18,"column":24},"end":{"line":18,"column":64}},"type":"cond-expr","locations":[{"start":{"line":18,"column":35},"end":{"line":18,"column":57}},{"start":{"line":18,"column":60},"end":{"line":18,"column":64}}]},"1":{"loc":{"start":{"line":63,"column":24},"end":{"line":63,"column":64}},"type":"cond-expr","locations":[{"start":{"line":63,"column":35},"end":{"line":63,"column":57}},{"start":{"line":63,"column":60},"end":{"line":63,"column":64}}]}},"s":{"0":0,"1":0,"2":0,"3":0,"4":0,"5":0,"6":0,"7":0,"8":0,"9":0,"10":0,"11":0,"12":0,"13":0,"14":0,"15":0,"16":0,"17":0,"18":0,"19":0,"20":0,"21":0,"22":0,"23":0,"24":0,"25":0,"26":0,"27":0,"28":0,"29":0,"30":0,"31":0,"32":0,"33":0,"34":0,"35":0,"36":0,"37":0,"38":0,"39":0},"f":{"0":0,"1":0,"2":0,"3":0,"4":0,"5":0,"6":0,"7":0,"8":0,"9":0,"10":0,"11":0,"12":0,"13":0,"14":0,"15":0},"b":{"0":[0,0],"1":[0,0]}}
,"D:\\projects\\dogfooding4\\backend\\src\\files\\files.service.ts": {"path":"D:\\projects\\dogfooding4\\backend\\src\\files\\files.service.ts","statementMap":{"0":{"start":{"line":1,"column":0},"end":{"line":1,"column":123}},"1":{"start":{"line":2,"column":0},"end":{"line":2,"column":51}},"2":{"start":{"line":3,"column":0},"end":{"line":3,"column":59}},"3":{"start":{"line":4,"column":0},"end":{"line":4,"column":51}},"4":{"start":{"line":5,"column":0},"end":{"line":5,"column":56}},"5":{"start":{"line":9,"column":7},"end":{"line":486,"column":null}},"6":{"start":{"line":14,"column":12},"end":{"line":14,"column":28}},"7":{"start":{"line":16,"column":12},"end":{"line":16,"column":32}},"8":{"start":{"line":10,"column":19},"end":{"line":10,"column":40}},"9":{"start":{"line":20,"column":4},"end":{"line":23,"column":7}},"10":{"start":{"line":25,"column":22},"end":{"line":25,"column":62}},"11":{"start":{"line":26,"column":17},"end":{"line":31,"column":6}},"12":{"start":{"line":32,"column":4},"end":{"line":32,"column":45}},"13":{"start":{"line":36,"column":4},"end":{"line":36,"column":53}},"14":{"start":{"line":40,"column":25},"end":{"line":45,"column":6}},"15":{"start":{"line":46,"column":4},"end":{"line":46,"column":26}},"16":{"start":{"line":50,"column":23},"end":{"line":50,"column":25}},"17":{"start":{"line":51,"column":4},"end":{"line":56,"column":5}},"18":{"start":{"line":52,"column":6},"end":{"line":52,"column":35}},"19":{"start":{"line":54,"column":6},"end":{"line":54,"column":25}},"20":{"start":{"line":55,"column":6},"end":{"line":55,"column":25}},"21":{"start":{"line":58,"column":4},"end":{"line":65,"column":7}},"22":{"start":{"line":69,"column":17},"end":{"line":71,"column":6}},"23":{"start":{"line":73,"column":4},"end":{"line":75,"column":5}},"24":{"start":{"line":74,"column":6},"end":{"line":74,"column":43}},"25":{"start":{"line":77,"column":4},"end":{"line":79,"column":5}},"26":{"start":{"line":78,"column":6},"end":{"line":78,"column":47}},"27":{"start":{"line":81,"column":4},"end":{"line":81,"column":16}},"28":{"start":{"line":85,"column":17},"end":{"line":85,"column":55}},"29":{"start":{"line":86,"column":27},"end":{"line":86,"column":38}},"30":{"start":{"line":88,"column":20},"end":{"line":88,"column":33}},"31":{"start":{"line":89,"column":4},"end":{"line":99,"column":5}},"32":{"start":{"line":90,"column":21},"end":{"line":92,"column":8}},"33":{"start":{"line":93,"column":6},"end":{"line":98,"column":7}},"34":{"start":{"line":94,"column":8},"end":{"line":94,"column":34}},"35":{"start":{"line":95,"column":8},"end":{"line":95,"column":36}},"36":{"start":{"line":97,"column":8},"end":{"line":97,"column":14}},"37":{"start":{"line":101,"column":4},"end":{"line":101,"column":32}},"38":{"start":{"line":105,"column":18},"end":{"line":105,"column":48}},"39":{"start":{"line":105,"column":46},"end":{"line":105,"column":47}},"40":{"start":{"line":106,"column":41},"end":{"line":106,"column":45}},"41":{"start":{"line":108,"column":4},"end":{"line":132,"column":5}},"42":{"start":{"line":108,"column":17},"end":{"line":108,"column":18}},"43":{"start":{"line":109,"column":19},"end":{"line":109,"column":27}},"44":{"start":{"line":110,"column":19},"end":{"line":117,"column":8}},"45":{"start":{"line":119,"column":6},"end":{"line":121,"column":7}},"46":{"start":{"line":120,"column":8},"end":{"line":120,"column":54}},"47":{"start":{"line":123,"column":6},"end":{"line":125,"column":7}},"48":{"start":{"line":124,"column":8},"end":{"line":124,"column":20}},"49":{"start":{"line":127,"column":6},"end":{"line":129,"column":7}},"50":{"start":{"line":128,"column":8},"end":{"line":128,"column":61}},"51":{"start":{"line":131,"column":6},"end":{"line":131,"column":32}},"52":{"start":{"line":134,"column":4},"end":{"line":134,"column":50}},"53":{"start":{"line":138,"column":4},"end":{"line":143,"column":5}},"54":{"start":{"line":139,"column":21},"end":{"line":139,"column":75}},"55":{"start":{"line":140,"column":6},"end":{"line":142,"column":7}},"56":{"start":{"line":141,"column":8},"end":{"line":141,"column":49}},"57":{"start":{"line":145,"column":25},"end":{"line":152,"column":6}},"58":{"start":{"line":154,"column":4},"end":{"line":156,"column":5}},"59":{"start":{"line":155,"column":6},"end":{"line":155,"column":45}},"60":{"start":{"line":158,"column":17},"end":{"line":164,"column":6}},"61":{"start":{"line":166,"column":4},"end":{"line":166,"column":42}},"62":{"start":{"line":170,"column":17},"end":{"line":170,"column":55}},"63":{"start":{"line":172,"column":4},"end":{"line":174,"column":5}},"64":{"start":{"line":173,"column":6},"end":{"line":173,"column":51}},"65":{"start":{"line":176,"column":4},"end":{"line":176,"column":53}},"66":{"start":{"line":178,"column":4},"end":{"line":199,"column":5}},"67":{"start":{"line":179,"column":6},"end":{"line":181,"column":7}},"68":{"start":{"line":180,"column":8},"end":{"line":180,"column":39}},"69":{"start":{"line":182,"column":6},"end":{"line":185,"column":7}},"70":{"start":{"line":183,"column":8},"end":{"line":183,"column":45}},"71":{"start":{"line":184,"column":8},"end":{"line":184,"column":89}},"72":{"start":{"line":186,"column":6},"end":{"line":194,"column":7}},"73":{"start":{"line":187,"column":8},"end":{"line":192,"column":9}},"74":{"start":{"line":188,"column":31},"end":{"line":188,"column":85}},"75":{"start":{"line":189,"column":10},"end":{"line":191,"column":11}},"76":{"start":{"line":190,"column":12},"end":{"line":190,"column":53}},"77":{"start":{"line":193,"column":8},"end":{"line":193,"column":47}},"78":{"start":{"line":196,"column":6},"end":{"line":196,"column":50}},"79":{"start":{"line":198,"column":6},"end":{"line":198,"column":37}},"80":{"start":{"line":203,"column":17},"end":{"line":203,"column":55}},"81":{"start":{"line":204,"column":42},"end":{"line":204,"column":76}},"82":{"start":{"line":206,"column":4},"end":{"line":222,"column":5}},"83":{"start":{"line":207,"column":27},"end":{"line":207,"column":73}},"84":{"start":{"line":208,"column":6},"end":{"line":210,"column":7}},"85":{"start":{"line":209,"column":8},"end":{"line":209,"column":49}},"86":{"start":{"line":212,"column":6},"end":{"line":221,"column":7}},"87":{"start":{"line":213,"column":38},"end":{"line":213,"column":53}},"88":{"start":{"line":214,"column":8},"end":{"line":220,"column":9}},"89":{"start":{"line":215,"column":10},"end":{"line":217,"column":11}},"90":{"start":{"line":216,"column":12},"end":{"line":216,"column":61}},"91":{"start":{"line":218,"column":25},"end":{"line":218,"column":120}},"92":{"start":{"line":219,"column":10},"end":{"line":219,"column":53}},"93":{"start":{"line":224,"column":25},"end":{"line":231,"column":6}},"94":{"start":{"line":233,"column":4},"end":{"line":235,"column":5}},"95":{"start":{"line":234,"column":6},"end":{"line":234,"column":49}},"96":{"start":{"line":237,"column":4},"end":{"line":237,"column":35}},"97":{"start":{"line":238,"column":4},"end":{"line":238,"column":42}},"98":{"start":{"line":247,"column":18},"end":{"line":247,"column":33}},"99":{"start":{"line":248,"column":18},"end":{"line":248,"column":19}},"100":{"start":{"line":250,"column":4},"end":{"line":261,"column":5}},"101":{"start":{"line":251,"column":23},"end":{"line":258,"column":8}},"102":{"start":{"line":259,"column":6},"end":{"line":259,"column":27}},"103":{"start":{"line":259,"column":21},"end":{"line":259,"column":27}},"104":{"start":{"line":260,"column":6},"end":{"line":260,"column":52}},"105":{"start":{"line":263,"column":20},"end":{"line":271,"column":6}},"106":{"start":{"line":273,"column":22},"end":{"line":273,"column":61}},"107":{"start":{"line":274,"column":4},"end":{"line":274,"column":47}},"108":{"start":{"line":276,"column":4},"end":{"line":284,"column":5}},"109":{"start":{"line":277,"column":23},"end":{"line":279,"column":8}},"110":{"start":{"line":281,"column":6},"end":{"line":283,"column":7}},"111":{"start":{"line":282,"column":8},"end":{"line":282,"column":72}},"112":{"start":{"line":286,"column":4},"end":{"line":286,"column":21}},"113":{"start":{"line":290,"column":23},"end":{"line":290,"column":61}},"114":{"start":{"line":291,"column":42},"end":{"line":291,"column":76}},"115":{"start":{"line":293,"column":4},"end":{"line":298,"column":5}},"116":{"start":{"line":294,"column":27},"end":{"line":294,"column":73}},"117":{"start":{"line":295,"column":6},"end":{"line":297,"column":7}},"118":{"start":{"line":296,"column":8},"end":{"line":296,"column":49}},"119":{"start":{"line":300,"column":20},"end":{"line":300,"column":45}},"120":{"start":{"line":301,"column":4},"end":{"line":301,"column":76}},"121":{"start":{"line":305,"column":17},"end":{"line":305,"column":55}},"122":{"start":{"line":307,"column":4},"end":{"line":309,"column":5}},"123":{"start":{"line":308,"column":6},"end":{"line":308,"column":51}},"124":{"start":{"line":311,"column":4},"end":{"line":311,"column":53}},"125":{"start":{"line":313,"column":4},"end":{"line":337,"column":5}},"126":{"start":{"line":314,"column":27},"end":{"line":314,"column":65}},"127":{"start":{"line":316,"column":28},"end":{"line":330,"column":7}},"128":{"start":{"line":317,"column":8},"end":{"line":317,"column":27}},"129":{"start":{"line":318,"column":8},"end":{"line":318,"column":33}},"130":{"start":{"line":319,"column":8},"end":{"line":319,"column":38}},"131":{"start":{"line":320,"column":8},"end":{"line":320,"column":42}},"132":{"start":{"line":322,"column":8},"end":{"line":329,"column":9}},"133":{"start":{"line":323,"column":27},"end":{"line":325,"column":12}},"134":{"start":{"line":326,"column":10},"end":{"line":328,"column":11}},"135":{"start":{"line":327,"column":12},"end":{"line":327,"column":39}},"136":{"start":{"line":332,"column":6},"end":{"line":332,"column":32}},"137":{"start":{"line":334,"column":6},"end":{"line":334,"column":35}},"138":{"start":{"line":336,"column":6},"end":{"line":336,"column":37}},"139":{"start":{"line":341,"column":4},"end":{"line":344,"column":7}},"140":{"start":{"line":348,"column":17},"end":{"line":348,"column":61}},"141":{"start":{"line":350,"column":4},"end":{"line":352,"column":5}},"142":{"start":{"line":351,"column":6},"end":{"line":351,"column":48}},"143":{"start":{"line":354,"column":26},"end":{"line":354,"column":57}},"144":{"start":{"line":356,"column":4},"end":{"line":363,"column":5}},"145":{"start":{"line":357,"column":27},"end":{"line":359,"column":8}},"146":{"start":{"line":360,"column":6},"end":{"line":362,"column":7}},"147":{"start":{"line":361,"column":8},"end":{"line":361,"column":31}},"148":{"start":{"line":365,"column":25},"end":{"line":372,"column":6}},"149":{"start":{"line":374,"column":4},"end":{"line":388,"column":5}},"150":{"start":{"line":375,"column":20},"end":{"line":375,"column":21}},"151":{"start":{"line":377,"column":6},"end":{"line":386,"column":10}},"152":{"start":{"line":378,"column":8},"end":{"line":378,"column":48}},"153":{"start":{"line":387,"column":6},"end":{"line":387,"column":26}},"154":{"start":{"line":390,"column":24},"end":{"line":405,"column":5}},"155":{"start":{"line":391,"column":6},"end":{"line":391,"column":26}},"156":{"start":{"line":392,"column":6},"end":{"line":392,"column":25}},"157":{"start":{"line":393,"column":6},"end":{"line":393,"column":31}},"158":{"start":{"line":394,"column":6},"end":{"line":394,"column":28}},"159":{"start":{"line":395,"column":6},"end":{"line":395,"column":40}},"160":{"start":{"line":397,"column":6},"end":{"line":404,"column":7}},"161":{"start":{"line":398,"column":25},"end":{"line":400,"column":10}},"162":{"start":{"line":401,"column":8},"end":{"line":403,"column":9}},"163":{"start":{"line":402
[...]
}},"16":{"name":"(anonymous_20)","decl":{"start":{"line":232,"column":10},"end":{"line":232,"column":24}},"loc":{"start":{"line":232,"column":38},"end":{"line":238,"column":3}}},"17":{"name":"(anonymous_21)","decl":{"start":{"line":240,"column":2},"end":{"line":240,"column":7}},"loc":{"start":{"line":240,"column":40},"end":{"line":256,"column":3}}},"18":{"name":"(anonymous_22)","decl":{"start":{"line":251,"column":24},"end":{"line":251,"column":25}},"loc":{"start":{"line":251,"column":31},"end":{"line":251,"column":37}}},"19":{"name":"(anonymous_23)","decl":{"start":{"line":258,"column":2},"end":{"line":258,"column":7}},"loc":{"start":{"line":258,"column":40},"end":{"line":272,"column":3}}}},"branchMap":{"0":{"loc":{"start":{"line":64,"column":4},"end":{"line":64,"column":36}},"type":"default-arg","locations":[{"start":{"line":64,"column":31},"end":{"line":64,"column":36}}]},"1":{"loc":{"start":{"line":65,"column":4},"end":{"line":65,"column":22}},"type":"default-arg","locations":[{"start":{"line":65,"column":20},"end":{"line":65,"column":22}}]},"2":{"loc":{"start":{"line":66,"column":4},"end":{"line":66,"column":31}},"type":"default-arg","locations":[{"start":{"line":66,"column":26},"end":{"line":66,"column":31}}]},"3":{"loc":{"start":{"line":69,"column":6},"end":{"line":71,"column":7}},"type":"if","locations":[{"start":{"line":69,"column":6},"end":{"line":71,"column":7}}]},"4":{"loc":{"start":{"line":69,"column":10},"end":{"line":69,"column":45}},"type":"binary-expr","locations":[{"start":{"line":69,"column":10},"end":{"line":69,"column":16}},{"start":{"line":69,"column":20},"end":{"line":69,"column":45}}]},"5":{"loc":{"start":{"line":76,"column":6},"end":{"line":79,"column":7}},"type":"if","locations":[{"start":{"line":76,"column":6},"end":{"line":79,"column":7}}]},"6":{"loc":{"start":{"line":76,"column":10},"end":{"line":76,"column":52}},"type":"binary-expr","locations":[{"start":{"line":76,"column":10},"end":{"line":76,"column":28}},{"start":{"line":76,"column":32},"end":{"line":76,"column":52}}]},"7":{"loc":{"start":{"line":81,"column":6},"end":{"line":84,"column":7}},"type":"if","locations":[{"start":{"line":81,"column":6},"end":{"line":84,"column":7}}]},"8":{"loc":{"start":{"line":81,"column":10},"end":{"line":81,"column":54}},"type":"binary-expr","locations":[{"start":{"line":81,"column":10},"end":{"line":81,"column":28}},{"start":{"line":81,"column":32},"end":{"line":81,"column":54}}]},"9":{"loc":{"start":{"line":86,"column":6},"end":{"line":89,"column":7}},"type":"if","locations":[{"start":{"line":86,"column":6},"end":{"line":89,"column":7}}]},"10":{"loc":{"start":{"line":86,"column":10},"end":{"line":86,"column":51}},"type":"binary-expr","locations":[{"start":{"line":86,"column":10},"end":{"line":86,"column":28}},{"start":{"line":86,"column":32},"end":{"line":86,"column":51}}]},"11":{"loc":{"start":{"line":91,"column":6},"end":{"line":94,"column":7}},"type":"if","locations":[{"start":{"line":91,"column":6},"end":{"line":94,"column":7}}]},"12":{"loc":{"start":{"line":91,"column":10},"end":{"line":91,"column":55}},"type":"binary-expr","locations":[{"start":{"line":91,"column":10},"end":{"line":91,"column":28}},{"start":{"line":91,"column":32},"end":{"line":91,"column":55}}]},"13":{"loc":{"start":{"line":111,"column":29},"end":{"line":118,"column":12}},"type":"cond-expr","locations":[{"start":{"line":112,"column":10},"end":{"line":112,"column":79}},{"start":{"line":113,"column":10},"end":{"line":118,"column":12}}]},"14":{"loc":{"start":{"line":142,"column":29},"end":{"line":149,"column":12}},"type":"cond-expr","locations":[{"start":{"line":143,"column":10},"end":{"line":143,"column":81}},{"start":{"line":144,"column":10},"end":{"line":149,"column":12}}]},"15":{"loc":{"start":{"line":174,"column":26},"end":{"line":176,"column":55}},"type":"cond-expr","locations":[{"start":{"line":175,"column":12},"end":{"line":175,"column":49}},{"start":{"line":176,"column":12},"end":{"line":176,"column":55}}]},"16":{"loc":{"start":{"line":177,"column":26},"end":{"line":177,"column":91}},"type":"binary-expr","locations":[{"start":{"line":177,"column":26},"end":{"line":177,"column":37}},{"start":{"line":177,"column":41},"end":{"line":177,"column":91}}]},"17":{"loc":{"start":{"line":178,"column":15},"end":{"line":178,"column":37}},"type":"binary-expr","locations":[{"start":{"line":178,"column":15},"end":{"line":178,"column":24}},{"start":{"line":178,"column":28},"end":{"line":178,"column":37}}]},"18":{"loc":{"start":{"line":194,"column":26},"end":{"line":196,"column":59}},"type":"cond-expr","locations":[{"start":{"line":195,"column":12},"end":{"line":195,"column":53}},{"start":{"line":196,"column":12},"end":{"line":196,"column":59}}]},"19":{"loc":{"start":{"line":197,"column":26},"end":{"line":197,"column":95}},"type":"binary-expr","locations":[{"start":{"line":197,"column":26},"end":{"line":197,"column":37}},{"start":{"line":197,"column":41},"end":{"line":197,"column":95}}]},"20":{"loc":{"start":{"line":198,"column":15},"end":{"line":198,"column":37}},"type":"binary-expr","locations":[{"start":{"line":198,"column":15},"end":{"line":198,"column":24}},{"start":{"line":198,"column":28},"end":{"line":198,"column":37}}]},"21":{"loc":{"start":{"line":213,"column":4},"end":{"line":215,"column":5}},"type":"if","locations":[{"start":{"line":213,"column":4},"end":{"line":215,"column":5}}]},"22":{"loc":{"start":{"line":220,"column":4},"end":{"line":222,"column":5}},"type":"if","locations":[{"start":{"line":220,"column":4},"end":{"line":222,"column":5}}]},"23":{"loc":{"start":{"line":223,"column":4},"end":{"line":225,"column":5}},"type":"if","locations":[{"start":{"line":223,"column":4},"end":{"line":225,"column":5}}]},"24":{"loc":{"start":{"line":226,"column":4},"end":{"line":228,"column":5}},"type":"if","locations":[{"start":{"line":226,"column":4},"end":{"line":228,"column":5}}]},"25":{"loc":{"start":{"line":233,"column":4},"end":{"line":233,"column":34}},"type":"if","locations":[{"start":{"line":233,"column":4},"end":{"line":233,"column":34}}]}},"s":{"0":0,"1":0,"2":0,"3":0,"4":0,"5":0,"6":0,"7":0,"8":0,"9":0,"10":0,"11":0,"12":0,"13":0,"14":0,"15":0,"16":0,"17":0,"18":0,"19":0,"20":0,"21":0,"22":0,"23":0,"24":0,"25":0,"26":0,"27":0,"28":0,"29":0,"30":0,"31":0,"32":0,"33":0,"34":0,"35":0,"36":0,"37":0,"38":0,"39":0,"40":0,"41":0,"42":0,"43":0,"44":0,"45":0,"46":0,"47":0,"48":0,"49":0,"50":0,"51":0,"52":0,"53":0,"54":0,"55":0,"56":0,"57":0,"58":0,"59":0,"60":0,"61":0,"62":0,"63":0,"64":0,"65":0,"66":0,"67":0,"68":0,"69":0,"70":0,"71":0,"72":0,"73":0,"74":0,"75":0,"76":0,"77":0,"78":0,"79":0,"80":0,"81":0,"82":0,"83":0,"84":0,"85":0,"86":0,"87":0},"f":{"0":0,"1":0,"2":0,"3":0,"4":0,"5":0,"6":0,"7":0,"8":0,"9":0,"10":0,"11":0,"12":0,"13":0,"14":0,"15":0,"16":0,"17":0,"18":0,"19":0},"b":{"0":[0],"1":[0],"2":[0],"3":[0],"4":[0,0],"5":[0],"6":[0,0],"7":[0],"8":[0,0],"9":[0],"10":[0,0],"11":[0],"12":[0,0],"13":[0,0],"14":[0,0],"15":[0,0],"16":[0,0],"17":[0,0],"18":[0,0],"19":[0,0],"20":[0,0],"21":[0],"22":[0],"23":[0],"24":[0],"25":[0]}}
,"D:\\projects\\dogfooding4\\backend\\src\\window-state\\window-state.controller.ts": {"path":"D:\\projects\\dogfooding4\\backend\\src\\window-state\\window-state.controller.ts","statementMap":{"0":{"start":{"line":1,"column":0},"end":{"line":1,"column":101}},"1":{"start":{"line":2,"column":0},"end":{"line":2,"column":60}},"2":{"start":{"line":3,"column":0},"end":{"line":3,"column":84}},"3":{"start":{"line":4,"column":0},"end":{"line":4,"column":54}},"4":{"start":{"line":8,"column":7},"end":{"line":59,"column":null}},"5":{"start":{"line":9,"column":31},"end":{"line":9,"column":51}},"6":{"start":{"line":13,"column":4},"end":{"line":13,"column":66}},"7":{"start":{"line":18,"column":4},"end":{"line":18,"column":82}},"8":{"start":{"line":23,"column":4},"end":{"line":23,"column":76}},"9":{"start":{"line":32,"column":4},"end":{"line":32,"column":86}},"10":{"start":{"line":37,"column":4},"end":{"line":37,"column":74}},"11":{"start":{"line":42,"column":4},"end":{"line":42,"column":68}},"12":{"start":{"line":47,"column":4},"end":{"line":47,"column":75}},"13":{"start":{"line":52,"column":4},"end":{"line":52,"column":77}},"14":{"start":{"line":57,"column":4},"end":{"line":57,"column":77}},"15":{"start":{"line":8,"column":13},"end":{"line":8,"column":34}},"16":{"start":{"line":12,"column":8},"end":{"line":14,"column":null}},"17":{"start":{"line":17,"column":8},"end":{"line":19,"column":null}},"18":{"start":{"line":22,"column":8},"end":{"line":24,"column":null}},"19":{"start":{"line":27,"column":8},"end":{"line":33,"column":null}},"20":{"start":{"line":36,"column":8},"end":{"line":38,"column":null}},"21":{"start":{"line":41,"column":8},"end":{"line":43,"column":null}},"22":{"start":{"line":46,"column":8},"end":{"line":48,"column":null}},"23":{"start":{"line":51,"column":8},"end":{"line":53,"column":null}},"24":{"start":{"line":56,"column":8},"end":{"line":58,"column":null}},"25":{"start":{"line":8,"column":13},"end":{"line":59,"column":null}}},"fnMap":{"0":{"name":"(anonymous_4)","decl":{"start":{"line":9,"column":2},"end":{"line":9,"column":31}},"loc":{"start":{"line":9,"column":69},"end":{"line":9,"column":73}}},"1":{"name":"(anonymous_5)","decl":{"start":{"line":12,"column":2},"end":{"line":12,"column":7}},"loc":{"start":{"line":12,"column":41},"end":{"line":14,"column":3}}},"2":{"name":"(anonymous_6)","decl":{"start":{"line":17,"column":2},"end":{"line":17,"column":7}},"loc":{"start":{"line":17,"column":74},"end":{"line":19,"column":3}}},"3":{"name":"(anonymous_7)","decl":{"start":{"line":22,"column":2},"end":{"line":22,"column":7}},"loc":{"start":{"line":22,"column":81},"end":{"line":24,"column":3}}},"4":{"name":"(anonymous_8)","decl":{"start":{"line":27,"column":2},"end":{"line":27,"column":7}},"loc":{"start":{"line":30,"column":43},"end":{"line":33,"column":3}}},"5":{"name":"(anonymous_9)","decl":{"start":{"line":36,"column":2},"end":{"line":36,"column":7}},"loc":{"start":{"line":36,"column":76},"end":{"line":38,"column":3}}},"6":{"name":"(anonymous_10)","decl":{"start":{"line":41,"column":2},"end":{"line":41,"column":7}},"loc":{"start":{"line":41,"column":43},"end":{"line":43,"column":3}}},"7":{"name":"(anonymous_11)","decl":{"start":{"line":46,"column":2},"end":{"line":46,"column":7}},"loc":{"start":{"line":46,"column":77},"end":{"line":48,"column":3}}},"8":{"name":"(anonymous_12)","decl":{"start":{"line":51,"column":2},"end":{"line":51,"column":7}},"loc":{"start":{"line":51,"column":79},"end":{"line":53,"column":3}}},"9":{"name":"(anonymous_13)","decl":{"start":{"line":56,"column":2},"end":{"line":56,"column":7}},"loc":{"start":{"line":56,"column":79},"end":{"line":58,"column":3}}}},"branchMap":{},"s":{"0":0,"1":0,"2":0,"3":0,"4":0,"5":0,"6":0,"7":0,"8":0,"9":0,"10":0,"11":0,"12":0,"13":0,"14":0,"15":0,"16":0,"17":0,"18":0,"19":0,"20":0,"21":0,"22":0,"23":0,"24":0,"25":0},"f":{"0":0,"1":0,"2":0,"3":0,"4":0,"5":0,"6":0,"7":0,"8":0,"9":0},"b":{}}
,"D:\\projects\\dogfooding4\\backend\\src\\window-state\\window-state.service.ts": {"path":"D:\\projects\\dogfooding4\\backend\\src\\window-state\\window-state.service.ts","statementMap":{"0":{"start":{"line":1,"column":0},"end":{"line":1,"column":83}},"1":{"start":{"line":2,"column":0},"end":{"line":2,"column":51}},"2":{"start":{"line":3,"column":0},"end":{"line":3,"column":37}},"3":{"start":{"line":4,"column":0},"end":{"line":4,"column":62}},"4":{"start":{"line":8,"column":7},"end":{"line":105,"column":null}},"5":{"start":{"line":11,"column":12},"end":{"line":11,"column":35}},"6":{"start":{"line":15,"column":4},"end":{"line":18,"column":7}},"7":{"start":{"line":22,"column":19},"end":{"line":24,"column":6}},"8":{"start":{"line":26,"column":4},"end":{"line":28,"column":5}},"9":{"start":{"line":27,"column":6},"end":{"line":27,"column":43}},"10":{"start":{"line":30,"column":4},"end":{"line":30,"column":18}},"11":{"start":{"line":34,"column":21},"end":{"line":36,"column":6}},"12":{"start":{"line":38,"column":4},"end":{"line":40,"column":5}},"13":{"start":{"line":39,"column":6},"end":{"line":39,"column":22}},"14":{"start":{"line":42,"column":22},"end":{"line":46,"column":18}},"15":{"start":{"line":48,"column":19},"end":{"line":58,"column":6}},"16":{"start":{"line":60,"column":4},"end":{"line":60,"column":51}},"17":{"start":{"line":64,"column":19},"end":{"line":64,"column":67}},"18":{"start":{"line":66,"column":4},"end":{"line":66,"column":37}},"19":{"start":{"line":67,"column":4},"end":{"line":67,"column":51}},"20":{"start":{"line":71,"column":19},"end":{"line":71,"column":67}},"21":{"start":{"line":72,"column":4},"end":{"line":72,"column":55}},"22":{"start":{"line":73,"column":4},"end":{"line":73,"column":32}},"23":{"start":{"line":77,"column":19},"end":{"line":77,"column":70}},"24":{"start":{"line":78,"column":4},"end":{"line":78,"column":58}},"25":{"start":{"line":82,"column":19},"end":{"line":82,"column":67}},"26":{"start":{"line":84,"column":22},"end":{"line":88,"column":18}},"27":{"start":{"line":90,"column":4},"end":{"line":90,"column":46}},"28":{"start":{"line":91,"column":4},"end":{"line":91,"column":51}},"29":{"start":{"line":95,"column":19},"end":{"line":95,"column":67}},"30":{"start":{"line":96,"column":4},"end":{"line":96,"column":30}},"31":{"start":{"line":97,"column":4},"end":{"line":97,"column":51}},"32":{"start":{"line":101,"column":19},"end":{"line":101,"column":67}},"33":{"start":{"line":102,"column":4},"end":{"line":102,"column":45}},"34":{"start":{"line":103,"column":4},"end":{"line":103,"column":51}},"35":{"start":{"line":8,"column":13},"end":{"line":8,"column":31}},"36":{"start":{"line":8,"column":13},"end":{"line":105,"column":null}}},"fnMap":{"0":{"name":"(anonymous_4)","decl":{"start":{"line":9,"column":2},"end":{"line":9,"column":null}},"loc":{"start":{"line":11,"column":58},"end":{"line":12,"column":6}}},"1":{"name":"(anonymous_5)","decl":{"start":{"line":14,"column":2},"end":{"line":14,"column":7}},"loc":{"start":{"line":14,"column":36},"end":{"line":19,"column":3}}},"2":{"name":"(anonymous_6)","decl":{"start":{"line":21,"column":2},"end":{"line":21,"column":7}},"loc":{"start":{"line":21,"column":60},"end":{"line":31,"column":3}}},"3":{"name":"(anonymous_7)","decl":{"start":{"line":33,"column":2},"end":{"line":33,"column":7}},"loc":{"start":{"line":33,"column":68},"end":{"line":61,"column":3}}},"4":{"name":"(anonymous_8)","decl":{"start":{"line":63,"column":2},"end":{"line":63,"column":7}},"loc":{"start":{"line":63,"column":86},"end":{"line":68,"column":3}}},"5":{"name":"(anonymous_9)","decl":{"start":{"line":70,"column":2},"end":{"line":70,"column":7}},"loc":{"start":{"line":70,"column":52},"end":{"line":74,"column":3}}},"6":{"name":"(anonymous_10)","decl":{"start":{"line":76,"column":2},"end":{"line":76,"column":7}},"loc":{"start":{"line":76,"column":38},"end":{"line":79,"column":3}}},"7":{"name":"(anonymous_11)","decl":{"start":{"line":81,"column":2},"end":{"line":81,"column":7}},"loc":{"start":{"line":81,"column":53},"end":{"line":92,"column":3}}},"8":{"name":"(anonymous_12)","decl":{"start":{"line":94,"column":2},"end":{"line":94,"column":7}},"loc":{"start":{"line":94,"column":55},"end":{"line":98,"column":3}}},"9":{"name":"(anonymous_13)","decl":{"start":{"line":100,"column":2},"end":{"line":100,"column":7}},"loc":{"start":{"line":100,"column":55},"end":{"line":104,"column":3}}}},"branchMap":{"0":{"loc":{"start":{"line":26,"column":4},"end":{"line":28,"column":5}},"type":"if","locations":[{"start":{"line":26,"column":4},"end":{"line":28,"column":5}}]},"1":{"loc":{"start":{"line":38,"column":4},"end":{"line":40,"column":5}},"type":"if","locations":[{"start":{"line":38,"column":4},"end":{"line":40,"column":5}}]},"2":{"loc":{"start":{"line":51,"column":9},"end":{"line":51,"column":27}},"type":"binary-expr","locations":[{"start":{"line":51,"column":9},"end":{"line":51,"column":20}},{"start":{"line":51,"column":24},"end":{"line":51,"column":27}}]},"3":{"loc":{"start":{"line":52,"column":9},"end":{"line":52,"column":27}},"type":"binary-expr","locations":[{"start":{"line":52,"column":9},"end":{"line":52,"column":20}},{"start":{"line":52,"column":24},"end":{"line":52,"column":27}}]},"4":{"loc":{"start":{"line":53,"column":13},"end":{"line":53,"column":35}},"type":"binary-expr","locations":[{"start":{"line":53,"column":13},"end":{"line":53,"column":28}},{"start":{"line":53,"column":32},"end":{"line":53,"column":35}}]},"5":{"loc":{"start":{"line":54,"column":14},"end":{"line":54,"column":37}},"type":"binary-expr","locations":[{"start":{"line":54,"column":14},"end":{"line":54,"column":30}},{"start":{"line":54,"column":34},"end":{"line":54,"column":37}}]},"6":{"loc":{"start":{"line":55,"column":19},"end":{"line":55,"column":49}},"type":"binary-expr","locations":[{"start":{"line":55,"column":19},"end":{"line":55,"column":40}},{"start":{"line":55,"column":44},"end":{"line":55,"column":49}}]},"7":{"loc":{"start":{"line":56,"column":19},"end":{"line":56,"column":49}},"type":"binary-expr","locations":[{"start":{"line":56,"column":19},"end":{"line":56,"column":40}},{"start":{"line":56,"column":44},"end":{"line":56,"column":49}}]},"8":{"loc":{"start":{"line":57,"column":15},"end":{"line":57,"column":34}},"type":"binary-expr","locations":[{"start":{"line":57,"column":15},"end":{"line":57,"column":29}},{"start":{"line":57,"column":33},"end":{"line":57,"column":34}}]},"9":{"loc":{"start":{"line":90,"column":21},"end":{"line":90,"column":40}},"type":"binary-expr","locations":[{"start":{"line":90,"column":21},"end":{"line":90,"column":35}},{"start":{"line":90,"column":39},"end":{"line":90,"column":40}}]}},"s":{"0":0,"1":0,"2":0,"3":0,"4":0,"5":0,"6":0,"7":0,"8":0,"9":0,"10":0,"11":0,"12":0,"13":0,"14":0,"15":0,"16":0,"17":0,"18":0,"19":0,"20":0,"21":0,"22":0,"23":0,"24":0,"25":0,"26":0,"27":0,"28":0,"29":0,"30":0,"31":0,"32":0,"33":0,"34":0,"35":0,"36":0},"f":{"0":0,"1":0,"2":0,"3":0,"4":0,"5":0,"6":0,"7":0,"8":0,"9":0},"b":{"0":[0],"1":[0],"2":[0,0],"3":[0,0],"4":[0,0],"5":[0,0],"6":[0,0],"7":[0,0],"8":[0,0],"9":[0,0]}}
,"D:\\projects\\dogfooding4\\backend\\src\\window-state\\dto\\window-state.dto.ts": {"path":"D:\\projects\\dogfooding4\\backend\\src\\window-state\\dto\\window-state.dto.ts","statementMap":{"0":{"start":{"line":1,"column":0},"end":{"line":1,"column":86}},"1":{"start":{"line":3,"column":0},"end":{"line":3,"column":13}},"2":{"start":{"line":5,"column":2},"end":{"line":5,"column":null}},"3":{"start":{"line":8,"column":2},"end":{"line":8,"column":null}},"4":{"start":{"line":11,"column":2},"end":{"line":11,"column":null}},"5":{"start":{"line":15,"column":2},"end":{"line":15,"column":null}},"6":{"start":{"line":19,"column":2},"end":{"line":19,"column":null}},"7":{"start":{"line":23,"column":2},"end":{"line":23,"column":null}},"8":{"start":{"line":27,"column":2},"end":{"line":27,"column":null}},"9":{"start":{"line":31,"column":2},"end":{"line":31,"column":null}},"10":{"start":{"line":35,"column":2},"end":{"line":35,"column":null}},"11":{"start":{"line":39,"column":2},"end":{"line":39,"column":null}},"12":{"start":{"line":43,"column":2},"end":{"line":43,"column":null}},"13":{"start":{"line":46,"column":0},"end":{"line":46,"column":13}},"14":{"start":{"line":49,"column":2},"end":{"line":49,"column":null}},"15":{"start":{"line":53,"column":2},"end":{"line":53,"column":null}},"16":{"start":{"line":57,"column":2},"end":{"line":57,"column":null}},"17":{"start":{"line":61,"column":2},"end":{"line":61,"column":null}},"18":{"start":{"line":65,"column":2},"end":{"line":65,"column":null}},"19":{"start":{"line":69,"column":2},"end":{"line":69,"column":null}},"20":{"start":{"line":73,"column":2},"end":{"line":73,"column":null}},"21":{"start":{"line":77,"column":2},"end":{"line":77,"column":null}},"22":{"start":{"line":81,"column":2},"end":{"line":81,"column":null}}},"fnMap":{},"branchMap":{},"s":{"0":0,"1":0,"2":0,"3":0,"4":0,"5":0,"6":0,"7":0,"8":0,"9":0,"10":0,"11":0,"12":0,"13":0,"14":0,"15":0,"16":0,"17":0,"18":0,"19":0,"20":0,"21":0,"22":0},"f":{},"b":{}}
}
